# project ns (3.35) configured on Tue May 31 13:16:01 2022 by
# waf 2.0.21 (abi 20, python 3090cf0 on darwin)
# using ./waf configure
#
----------------------------------------
Setting top to
/Users/william/Documents/Masters/ns-allinone-3.35/ns-3.35
----------------------------------------
Setting out to
/Users/william/Documents/Masters/ns-allinone-3.35/ns-3.35/build
----------------------------------------
Checking for 'clang' (C compiler)
find program=['clang'] paths=['/opt/homebrew/opt/qt@5/bin', '/opt/homebrew/opt/qt@5/bin', '/opt/homebrew/bin', '/usr/local/opt/qt@5/bin', '/usr/local/opt/qt@5/bin', '/Users/william/opt/miniconda3/bin', '/Users/william/opt/miniconda3/condabin', '/opt/homebrew/bin', '/opt/homebrew/sbin', '/usr/local/bin', '/usr/bin', '/bin', '/usr/sbin', '/sbin', '/Applications/VMware Fusion Tech Preview.app/Contents/Public', '/Library/TeX/texbin', '/opt/X11/bin', '/Library/Apple/usr/bin'] var='CC' -> ['/usr/bin/clang']
['/usr/bin/clang', '-dM', '-E', '-']
out: #define _LP64 1
#define __AARCH64EL__ 1
#define __AARCH64_CMODEL_SMALL__ 1
#define __AARCH64_SIMD__ 1
#define __APPLE_CC__ 6000
#define __APPLE__ 1
#define __ARM64_ARCH_8__ 1
#define __ARM_64BIT_STATE 1
#define __ARM_ACLE 200
#define __ARM_ALIGN_MAX_STACK_PWR 4
#define __ARM_ARCH 8
#define __ARM_ARCH_8_3__ 1
#define __ARM_ARCH_8_4__ 1
#define __ARM_ARCH_8_5__ 1
#define __ARM_ARCH_ISA_A64 1
#define __ARM_ARCH_PROFILE 'A'
#define __ARM_FEATURE_ATOMICS 1
#define __ARM_FEATURE_CLZ 1
#define __ARM_FEATURE_COMPLEX 1
#define __ARM_FEATURE_CRC32 1
#define __ARM_FEATURE_CRYPTO 1
#define __ARM_FEATURE_DIRECTED_ROUNDING 1
#define __ARM_FEATURE_DIV 1
#define __ARM_FEATURE_DOTPROD 1
#define __ARM_FEATURE_FMA 1
#define __ARM_FEATURE_FP16FML 1
#define __ARM_FEATURE_FP16_SCALAR_ARITHMETIC 1
#define __ARM_FEATURE_FP16_VECTOR_ARITHMETIC 1
#define __ARM_FEATURE_IDIV 1
#define __ARM_FEATURE_JCVT 1
#define __ARM_FEATURE_LDREX 0xF
#define __ARM_FEATURE_NUMERIC_MAXMIN 1
#define __ARM_FEATURE_QRDMX 1
#define __ARM_FEATURE_UNALIGNED 1
#define __ARM_FP 0xE
#define __ARM_FP16_ARGS 1
#define __ARM_FP16_FORMAT_IEEE 1
#define __ARM_NEON 1
#define __ARM_NEON_FP 0xE
#define __ARM_NEON__ 1
#define __ARM_PCS_AAPCS64 1
#define __ARM_SIZEOF_MINIMAL_ENUM 4
#define __ARM_SIZEOF_WCHAR_T 4
#define __ATOMIC_ACQUIRE 2
#define __ATOMIC_ACQ_REL 4
#define __ATOMIC_CONSUME 1
#define __ATOMIC_RELAXED 0
#define __ATOMIC_RELEASE 3
#define __ATOMIC_SEQ_CST 5
#define __BIGGEST_ALIGNMENT__ 8
#define __BLOCKS__ 1
#define __BYTE_ORDER__ __ORDER_LITTLE_ENDIAN__
#define __CHAR16_TYPE__ unsigned short
#define __CHAR32_TYPE__ unsigned int
#define __CHAR_BIT__ 8
#define __CLANG_ATOMIC_BOOL_LOCK_FREE 2
#define __CLANG_ATOMIC_CHAR16_T_LOCK_FREE 2
#define __CLANG_ATOMIC_CHAR32_T_LOCK_FREE 2
#define __CLANG_ATOMIC_CHAR_LOCK_FREE 2
#define __CLANG_ATOMIC_INT_LOCK_FREE 2
#define __CLANG_ATOMIC_LLONG_LOCK_FREE 2
#define __CLANG_ATOMIC_LONG_LOCK_FREE 2
#define __CLANG_ATOMIC_POINTER_LOCK_FREE 2
#define __CLANG_ATOMIC_SHORT_LOCK_FREE 2
#define __CLANG_ATOMIC_WCHAR_T_LOCK_FREE 2
#define __CONSTANT_CFSTRINGS__ 1
#define __DBL_DECIMAL_DIG__ 17
#define __DBL_DENORM_MIN__ 4.9406564584124654e-324
#define __DBL_DIG__ 15
#define __DBL_EPSILON__ 2.2204460492503131e-16
#define __DBL_HAS_DENORM__ 1
#define __DBL_HAS_INFINITY__ 1
#define __DBL_HAS_QUIET_NAN__ 1
#define __DBL_MANT_DIG__ 53
#define __DBL_MAX_10_EXP__ 308
#define __DBL_MAX_EXP__ 1024
#define __DBL_MAX__ 1.7976931348623157e+308
#define __DBL_MIN_10_EXP__ (-307)
#define __DBL_MIN_EXP__ (-1021)
#define __DBL_MIN__ 2.2250738585072014e-308
#define __DECIMAL_DIG__ __LDBL_DECIMAL_DIG__
#define __DYNAMIC__ 1
#define __ENVIRONMENT_MAC_OS_X_VERSION_MIN_REQUIRED__ 120000
#define __ENVIRONMENT_OS_VERSION_MIN_REQUIRED__ 120000
#define __FINITE_MATH_ONLY__ 0
#define __FLT16_DECIMAL_DIG__ 5
#define __FLT16_DENORM_MIN__ 5.9604644775390625e-8F16
#define __FLT16_DIG__ 3
#define __FLT16_EPSILON__ 9.765625e-4F16
#define __FLT16_HAS_DENORM__ 1
#define __FLT16_HAS_INFINITY__ 1
#define __FLT16_HAS_QUIET_NAN__ 1
#define __FLT16_MANT_DIG__ 11
#define __FLT16_MAX_10_EXP__ 4
#define __FLT16_MAX_EXP__ 16
#define __FLT16_MAX__ 6.5504e+4F16
#define __FLT16_MIN_10_EXP__ (-4)
#define __FLT16_MIN_EXP__ (-13)
#define __FLT16_MIN__ 6.103515625e-5F16
#define __FLT_DECIMAL_DIG__ 9
#define __FLT_DENORM_MIN__ 1.40129846e-45F
#define __FLT_DIG__ 6
#define __FLT_EPSILON__ 1.19209290e-7F
#define __FLT_EVAL_METHOD__ 0
#define __FLT_HAS_DENORM__ 1
#define __FLT_HAS_INFINITY__ 1
#define __FLT_HAS_QUIET_NAN__ 1
#define __FLT_MANT_DIG__ 24
#define __FLT_MAX_10_EXP__ 38
#define __FLT_MAX_EXP__ 128
#define __FLT_MAX__ 3.40282347e+38F
#define __FLT_MIN_10_EXP__ (-37)
#define __FLT_MIN_EXP__ (-125)
#define __FLT_MIN__ 1.17549435e-38F
#define __FLT_RADIX__ 2
#define __GCC_ATOMIC_BOOL_LOCK_FREE 2
#define __GCC_ATOMIC_CHAR16_T_LOCK_FREE 2
#define __GCC_ATOMIC_CHAR32_T_LOCK_FREE 2
#define __GCC_ATOMIC_CHAR_LOCK_FREE 2
#define __GCC_ATOMIC_INT_LOCK_FREE 2
#define __GCC_ATOMIC_LLONG_LOCK_FREE 2
#define __GCC_ATOMIC_LONG_LOCK_FREE 2
#define __GCC_ATOMIC_POINTER_LOCK_FREE 2
#define __GCC_ATOMIC_SHORT_LOCK_FREE 2
#define __GCC_ATOMIC_TEST_AND_SET_TRUEVAL 1
#define __GCC_ATOMIC_WCHAR_T_LOCK_FREE 2
#define __GCC_HAVE_SYNC_COMPARE_AND_SWAP_1 1
#define __GCC_HAVE_SYNC_COMPARE_AND_SWAP_2 1
#define __GCC_HAVE_SYNC_COMPARE_AND_SWAP_4 1
#define __GCC_HAVE_SYNC_COMPARE_AND_SWAP_8 1
#define __GNUC_MINOR__ 2
#define __GNUC_PATCHLEVEL__ 1
#define __GNUC_STDC_INLINE__ 1
#define __GNUC__ 4
#define __GXX_ABI_VERSION 1002
#define __INT16_C_SUFFIX__ 
#define __INT16_FMTd__ "hd"
#define __INT16_FMTi__ "hi"
#define __INT16_MAX__ 32767
#define __INT16_TYPE__ short
#define __INT32_C_SUFFIX__ 
#define __INT32_FMTd__ "d"
#define __INT32_FMTi__ "i"
#define __INT32_MAX__ 2147483647
#define __INT32_TYPE__ int
#define __INT64_C_SUFFIX__ LL
#define __INT64_FMTd__ "lld"
#define __INT64_FMTi__ "lli"
#define __INT64_MAX__ 9223372036854775807LL
#define __INT64_TYPE__ long long int
#define __INT8_C_SUFFIX__ 
#define __INT8_FMTd__ "hhd"
#define __INT8_FMTi__ "hhi"
#define __INT8_MAX__ 127
#define __INT8_TYPE__ signed char
#define __INTMAX_C_SUFFIX__ L
#define __INTMAX_FMTd__ "ld"
#define __INTMAX_FMTi__ "li"
#define __INTMAX_MAX__ 9223372036854775807L
#define __INTMAX_TYPE__ long int
#define __INTMAX_WIDTH__ 64
#define __INTPTR_FMTd__ "ld"
#define __INTPTR_FMTi__ "li"
#define __INTPTR_MAX__ 9223372036854775807L
#define __INTPTR_TYPE__ long int
#define __INTPTR_WIDTH__ 64
#define __INT_FAST16_FMTd__ "hd"
#define __INT_FAST16_FMTi__ "hi"
#define __INT_FAST16_MAX__ 32767
#define __INT_FAST16_TYPE__ short
#define __INT_FAST32_FMTd__ "d"
#define __INT_FAST32_FMTi__ "i"
#define __INT_FAST32_MAX__ 2147483647
#define __INT_FAST32_TYPE__ int
#define __INT_FAST64_FMTd__ "lld"
#define __INT_FAST64_FMTi__ "lli"
#define __INT_FAST64_MAX__ 9223372036854775807LL
#define __INT_FAST64_TYPE__ long long int
#define __INT_FAST8_FMTd__ "hhd"
#define __INT_FAST8_FMTi__ "hhi"
#define __INT_FAST8_MAX__ 127
#define __INT_FAST8_TYPE__ signed char
#define __INT_LEAST16_FMTd__ "hd"
#define __INT_LEAST16_FMTi__ "hi"
#define __INT_LEAST16_MAX__ 32767
#define __INT_LEAST16_TYPE__ short
#define __INT_LEAST32_FMTd__ "d"
#define __INT_LEAST32_FMTi__ "i"
#define __INT_LEAST32_MAX__ 2147483647
#define __INT_LEAST32_TYPE__ int
#define __INT_LEAST64_FMTd__ "lld"
#define __INT_LEAST64_FMTi__ "lli"
#define __INT_LEAST64_MAX__ 9223372036854775807LL
#define __INT_LEAST64_TYPE__ long long int
#define __INT_LEAST8_FMTd__ "hhd"
#define __INT_LEAST8_FMTi__ "hhi"
#define __INT_LEAST8_MAX__ 127
#define __INT_LEAST8_TYPE__ signed char
#define __INT_MAX__ 2147483647
#define __LDBL_DECIMAL_DIG__ 17
#define __LDBL_DENORM_MIN__ 4.9406564584124654e-324L
#define __LDBL_DIG__ 15
#define __LDBL_EPSILON__ 2.2204460492503131e-16L
#define __LDBL_HAS_DENORM__ 1
#define __LDBL_HAS_INFINITY__ 1
#define __LDBL_HAS_QUIET_NAN__ 1
#define __LDBL_MANT_DIG__ 53
#define __LDBL_MAX_10_EXP__ 308
#define __LDBL_MAX_EXP__ 1024
#define __LDBL_MAX__ 1.7976931348623157e+308L
#define __LDBL_MIN_10_EXP__ (-307)
#define __LDBL_MIN_EXP__ (-1021)
#define __LDBL_MIN__ 2.2250738585072014e-308L
#define __LITTLE_ENDIAN__ 1
#define __LONG_LONG_MAX__ 9223372036854775807LL
#define __LONG_MAX__ 9223372036854775807L
#define __LP64__ 1
#define __MACH__ 1
#define __NO_INLINE__ 1
#define __OBJC_BOOL_IS_BOOL 1
#define __OPENCL_MEMORY_SCOPE_ALL_SVM_DEVICES 3
#define __OPENCL_MEMORY_SCOPE_DEVICE 2
#define __OPENCL_MEMORY_SCOPE_SUB_GROUP 4
#define __OPENCL_MEMORY_SCOPE_WORK_GROUP 1
#define __OPENCL_MEMORY_SCOPE_WORK_ITEM 0
#define __ORDER_BIG_ENDIAN__ 4321
#define __ORDER_LITTLE_ENDIAN__ 1234
#define __ORDER_PDP_ENDIAN__ 3412
#define __PIC__ 2
#define __POINTER_WIDTH__ 64
#define __PRAGMA_REDEFINE_EXTNAME 1
#define __PTRDIFF_FMTd__ "ld"
#define __PTRDIFF_FMTi__ "li"
#define __PTRDIFF_MAX__ 9223372036854775807L
#define __PTRDIFF_TYPE__ long int
#define __PTRDIFF_WIDTH__ 64
#define __REGISTER_PREFIX__ 
#define __SCHAR_MAX__ 127
#define __SHRT_MAX__ 32767
#define __SIG_ATOMIC_MAX__ 2147483647
#define __SIG_ATOMIC_WIDTH__ 32
#define __SIZEOF_DOUBLE__ 8
#define __SIZEOF_FLOAT__ 4
#define __SIZEOF_INT128__ 16
#define __SIZEOF_INT__ 4
#define __SIZEOF_LONG_DOUBLE__ 8
#define __SIZEOF_LONG_LONG__ 8
#define __SIZEOF_LONG__ 8
#define __SIZEOF_POINTER__ 8
#define __SIZEOF_PTRDIFF_T__ 8
#define __SIZEOF_SHORT__ 2
#define __SIZEOF_SIZE_T__ 8
#define __SIZEOF_WCHAR_T__ 4
#define __SIZEOF_WINT_T__ 4
#define __SIZE_FMTX__ "lX"
#define __SIZE_FMTo__ "lo"
#define __SIZE_FMTu__ "lu"
#define __SIZE_FMTx__ "lx"
#define __SIZE_MAX__ 18446744073709551615UL
#define __SIZE_TYPE__ long unsigned int
#define __SIZE_WIDTH__ 64
#define __SSP__ 1
#define __STDC_HOSTED__ 1
#define __STDC_NO_THREADS__ 1
#define __STDC_UTF_16__ 1
#define __STDC_UTF_32__ 1
#define __STDC_VERSION__ 201710L
#define __STDC__ 1
#define __UINT16_C_SUFFIX__ 
#define __UINT16_FMTX__ "hX"
#define __UINT16_FMTo__ "ho"
#define __UINT16_FMTu__ "hu"
#define __UINT16_FMTx__ "hx"
#define __UINT16_MAX__ 65535
#define __UINT16_TYPE__ unsigned short
#define __UINT32_C_SUFFIX__ U
#define __UINT32_FMTX__ "X"
#define __UINT32_FMTo__ "o"
#define __UINT32_FMTu__ "u"
#define __UINT32_FMTx__ "x"
#define __UINT32_MAX__ 4294967295U
#define __UINT32_TYPE__ unsigned int
#define __UINT64_C_SUFFIX__ ULL
#define __UINT64_FMTX__ "llX"
#define __UINT64_FMTo__ "llo"
#define __UINT64_FMTu__ "llu"
#define __UINT64_FMTx__ "llx"
#define __UINT64_MAX__ 18446744073709551615ULL
#define __UINT64_TYPE__ long long unsigned int
#define __UINT8_C_SUFFIX__ 
#define __UINT8_FMTX__ "hhX"
#define __UINT8_FMTo__ "hho"
#define __UINT8_FMTu__ "hhu"
#define __UINT8_FMTx__ "hhx"
#define __UINT8_MAX__ 255
#define __UINT8_TYPE__ unsigned char
#define __UINTMAX_C_SUFFIX__ UL
#define __UINTMAX_FMTX__ "lX"
#define __UINTMAX_FMTo__ "lo"
#define __UINTMAX_FMTu__ "lu"
#define __UINTMAX_FMTx__ "lx"
#define __UINTMAX_MAX__ 18446744073709551615UL
#define __UINTMAX_TYPE__ long unsigned int
#define __UINTMAX_WIDTH__ 64
#define __UINTPTR_FMTX__ "lX"
#define __UINTPTR_FMTo__ "lo"
#define __UINTPTR_FMTu__ "lu"
#define __UINTPTR_FMTx__ "lx"
#define __UINTPTR_MAX__ 18446744073709551615UL
#define __UINTPTR_TYPE__ long unsigned int
#define __UINTPTR_WIDTH__ 64
#define __UINT_FAST16_FMTX__ "hX"
#define __UINT_FAST16_FMTo__ "ho"
#define __UINT_FAST16_FMTu__ "hu"
#define __UINT_FAST16_FMTx__ "hx"
#define __UINT_FAST16_MAX__ 65535
#define __UINT_FAST16_TYPE__ unsigned short
#define __UINT_FAST32_FMTX__ "X"
#define __UINT_FAST32_FMTo__ "o"
#define __UINT_FAST32_FMTu__ "u"
#define __UINT_FAST32_FMTx__ "x"
#define __UINT_FAST32_MAX__ 4294967295U
#define __UINT_FAST32_TYPE__ unsigned int
#define __UINT_FAST64_FMTX__ "llX"
#define __UINT_FAST64_FMTo__ "llo"
#define __UINT_FAST64_FMTu__ "llu"
#define __UINT_FAST64_FMTx__ "llx"
#define __UINT_FAST64_MAX__ 18446744073709551615ULL
#define __UINT_FAST64_TYPE__ long long unsigned int
#define __UINT_FAST8_FMTX__ "hhX"
#define __UINT_FAST8_FMTo__ "hho"
#define __UINT_FAST8_FMTu__ "hhu"
#define __UINT_FAST8_FMTx__ "hhx"
#define __UINT_FAST8_MAX__ 255
#define __UINT_FAST8_TYPE__ unsigned char
#define __UINT_LEAST16_FMTX__ "hX"
#define __UINT_LEAST16_FMTo__ "ho"
#define __UINT_LEAST16_FMTu__ "hu"
#define __UINT_LEAST16_FMTx__ "hx"
#define __UINT_LEAST16_MAX__ 65535
#define __UINT_LEAST16_TYPE__ unsigned short
#define __UINT_LEAST32_FMTX__ "X"
#define __UINT_LEAST32_FMTo__ "o"
#define __UINT_LEAST32_FMTu__ "u"
#define __UINT_LEAST32_FMTx__ "x"
#define __UINT_LEAST32_MAX__ 4294967295U
#define __UINT_LEAST32_TYPE__ unsigned int
#define __UINT_LEAST64_FMTX__ "llX"
#define __UINT_LEAST64_FMTo__ "llo"
#define __UINT_LEAST64_FMTu__ "llu"
#define __UINT_LEAST64_FMTx__ "llx"
#define __UINT_LEAST64_MAX__ 18446744073709551615ULL
#define __UINT_LEAST64_TYPE__ long long unsigned int
#define __UINT_LEAST8_FMTX__ "hhX"
#define __UINT_LEAST8_FMTo__ "hho"
#define __UINT_LEAST8_FMTu__ "hhu"
#define __UINT_LEAST8_FMTx__ "hhx"
#define __UINT_LEAST8_MAX__ 255
#define __UINT_LEAST8_TYPE__ unsigned char
#define __USER_LABEL_PREFIX__ _
#define __VERSION__ "Apple LLVM 13.0.0 (clang-1300.0.29.3)"
#define __WCHAR_MAX__ 2147483647
#define __WCHAR_TYPE__ int
#define __WCHAR_WIDTH__ 32
#define __WINT_MAX__ 2147483647
#define __WINT_TYPE__ int
#define __WINT_WIDTH__ 32
#define __aarch64__ 1
#define __apple_build_version__ 13000029
#define __arm64 1
#define __arm64__ 1
#define __block __attribute__((__blocks__(byref)))
#define __clang__ 1
#define __clang_major__ 13
#define __clang_minor__ 0
#define __clang_patchlevel__ 0
#define __clang_version__ "13.0.0 (clang-1300.0.29.3)"
#define __llvm__ 1
#define __nonnull _Nonnull
#define __null_unspecified _Null_unspecified
#define __nullable _Nullable
#define __pic__ 2
#define __strong 
#define __unsafe_unretained 
#define __weak __attribute__((objc_gc(weak)))

find program=['llvm-ar', 'ar'] paths=['/opt/homebrew/opt/qt@5/bin', '/opt/homebrew/opt/qt@5/bin', '/opt/homebrew/bin', '/usr/local/opt/qt@5/bin', '/usr/local/opt/qt@5/bin', '/Users/william/opt/miniconda3/bin', '/Users/william/opt/miniconda3/condabin', '/opt/homebrew/bin', '/opt/homebrew/sbin', '/usr/local/bin', '/usr/bin', '/bin', '/usr/sbin', '/sbin', '/Applications/VMware Fusion Tech Preview.app/Contents/Public', '/Library/TeX/texbin', '/opt/X11/bin', '/Library/Apple/usr/bin'] var='AR' -> ['/usr/bin/ar']
find program=['ar'] paths=['/opt/homebrew/opt/qt@5/bin', '/opt/homebrew/opt/qt@5/bin', '/opt/homebrew/bin', '/usr/local/opt/qt@5/bin', '/usr/local/opt/qt@5/bin', '/Users/william/opt/miniconda3/bin', '/Users/william/opt/miniconda3/condabin', '/opt/homebrew/bin', '/opt/homebrew/sbin', '/usr/local/bin', '/usr/bin', '/bin', '/usr/sbin', '/sbin', '/Applications/VMware Fusion Tech Preview.app/Contents/Public', '/Library/TeX/texbin', '/opt/X11/bin', '/Library/Apple/usr/bin'] var='AR' -> ['/usr/bin/ar']
/usr/bin/clang
----------------------------------------
Checking for cc version
13.0.0
----------------------------------------
Checking for 'clang++' (C++ compiler)
find program=['clang++'] paths=['/opt/homebrew/opt/qt@5/bin', '/opt/homebrew/opt/qt@5/bin', '/opt/homebrew/bin', '/usr/local/opt/qt@5/bin', '/usr/local/opt/qt@5/bin', '/Users/william/opt/miniconda3/bin', '/Users/william/opt/miniconda3/condabin', '/opt/homebrew/bin', '/opt/homebrew/sbin', '/usr/local/bin', '/usr/bin', '/bin', '/usr/sbin', '/sbin', '/Applications/VMware Fusion Tech Preview.app/Contents/Public', '/Library/TeX/texbin', '/opt/X11/bin', '/Library/Apple/usr/bin'] var='CXX' -> ['/usr/bin/clang++']
['/usr/bin/clang++', '-dM', '-E', '-']
out: #define _LP64 1
#define __AARCH64EL__ 1
#define __AARCH64_CMODEL_SMALL__ 1
#define __AARCH64_SIMD__ 1
#define __APPLE_CC__ 6000
#define __APPLE__ 1
#define __ARM64_ARCH_8__ 1
#define __ARM_64BIT_STATE 1
#define __ARM_ACLE 200
#define __ARM_ALIGN_MAX_STACK_PWR 4
#define __ARM_ARCH 8
#define __ARM_ARCH_8_3__ 1
#define __ARM_ARCH_8_4__ 1
#define __ARM_ARCH_8_5__ 1
#define __ARM_ARCH_ISA_A64 1
#define __ARM_ARCH_PROFILE 'A'
#define __ARM_FEATURE_ATOMICS 1
#define __ARM_FEATURE_CLZ 1
#define __ARM_FEATURE_COMPLEX 1
#define __ARM_FEATURE_CRC32 1
#define __ARM_FEATURE_CRYPTO 1
#define __ARM_FEATURE_DIRECTED_ROUNDING 1
#define __ARM_FEATURE_DIV 1
#define __ARM_FEATURE_DOTPROD 1
#define __ARM_FEATURE_FMA 1
#define __ARM_FEATURE_FP16FML 1
#define __ARM_FEATURE_FP16_SCALAR_ARITHMETIC 1
#define __ARM_FEATURE_FP16_VECTOR_ARITHMETIC 1
#define __ARM_FEATURE_IDIV 1
#define __ARM_FEATURE_JCVT 1
#define __ARM_FEATURE_LDREX 0xF
#define __ARM_FEATURE_NUMERIC_MAXMIN 1
#define __ARM_FEATURE_QRDMX 1
#define __ARM_FEATURE_UNALIGNED 1
#define __ARM_FP 0xE
#define __ARM_FP16_ARGS 1
#define __ARM_FP16_FORMAT_IEEE 1
#define __ARM_NEON 1
#define __ARM_NEON_FP 0xE
#define __ARM_NEON__ 1
#define __ARM_PCS_AAPCS64 1
#define __ARM_SIZEOF_MINIMAL_ENUM 4
#define __ARM_SIZEOF_WCHAR_T 4
#define __ATOMIC_ACQUIRE 2
#define __ATOMIC_ACQ_REL 4
#define __ATOMIC_CONSUME 1
#define __ATOMIC_RELAXED 0
#define __ATOMIC_RELEASE 3
#define __ATOMIC_SEQ_CST 5
#define __BIGGEST_ALIGNMENT__ 8
#define __BLOCKS__ 1
#define __BYTE_ORDER__ __ORDER_LITTLE_ENDIAN__
#define __CHAR16_TYPE__ unsigned short
#define __CHAR32_TYPE__ unsigned int
#define __CHAR_BIT__ 8
#define __CLANG_ATOMIC_BOOL_LOCK_FREE 2
#define __CLANG_ATOMIC_CHAR16_T_LOCK_FREE 2
#define __CLANG_ATOMIC_CHAR32_T_LOCK_FREE 2
#define __CLANG_ATOMIC_CHAR_LOCK_FREE 2
#define __CLANG_ATOMIC_INT_LOCK_FREE 2
#define __CLANG_ATOMIC_LLONG_LOCK_FREE 2
#define __CLANG_ATOMIC_LONG_LOCK_FREE 2
#define __CLANG_ATOMIC_POINTER_LOCK_FREE 2
#define __CLANG_ATOMIC_SHORT_LOCK_FREE 2
#define __CLANG_ATOMIC_WCHAR_T_LOCK_FREE 2
#define __CONSTANT_CFSTRINGS__ 1
#define __DBL_DECIMAL_DIG__ 17
#define __DBL_DENORM_MIN__ 4.9406564584124654e-324
#define __DBL_DIG__ 15
#define __DBL_EPSILON__ 2.2204460492503131e-16
#define __DBL_HAS_DENORM__ 1
#define __DBL_HAS_INFINITY__ 1
#define __DBL_HAS_QUIET_NAN__ 1
#define __DBL_MANT_DIG__ 53
#define __DBL_MAX_10_EXP__ 308
#define __DBL_MAX_EXP__ 1024
#define __DBL_MAX__ 1.7976931348623157e+308
#define __DBL_MIN_10_EXP__ (-307)
#define __DBL_MIN_EXP__ (-1021)
#define __DBL_MIN__ 2.2250738585072014e-308
#define __DECIMAL_DIG__ __LDBL_DECIMAL_DIG__
#define __DYNAMIC__ 1
#define __ENVIRONMENT_MAC_OS_X_VERSION_MIN_REQUIRED__ 120000
#define __ENVIRONMENT_OS_VERSION_MIN_REQUIRED__ 120000
#define __FINITE_MATH_ONLY__ 0
#define __FLT16_DECIMAL_DIG__ 5
#define __FLT16_DENORM_MIN__ 5.9604644775390625e-8F16
#define __FLT16_DIG__ 3
#define __FLT16_EPSILON__ 9.765625e-4F16
#define __FLT16_HAS_DENORM__ 1
#define __FLT16_HAS_INFINITY__ 1
#define __FLT16_HAS_QUIET_NAN__ 1
#define __FLT16_MANT_DIG__ 11
#define __FLT16_MAX_10_EXP__ 4
#define __FLT16_MAX_EXP__ 16
#define __FLT16_MAX__ 6.5504e+4F16
#define __FLT16_MIN_10_EXP__ (-4)
#define __FLT16_MIN_EXP__ (-13)
#define __FLT16_MIN__ 6.103515625e-5F16
#define __FLT_DECIMAL_DIG__ 9
#define __FLT_DENORM_MIN__ 1.40129846e-45F
#define __FLT_DIG__ 6
#define __FLT_EPSILON__ 1.19209290e-7F
#define __FLT_EVAL_METHOD__ 0
#define __FLT_HAS_DENORM__ 1
#define __FLT_HAS_INFINITY__ 1
#define __FLT_HAS_QUIET_NAN__ 1
#define __FLT_MANT_DIG__ 24
#define __FLT_MAX_10_EXP__ 38
#define __FLT_MAX_EXP__ 128
#define __FLT_MAX__ 3.40282347e+38F
#define __FLT_MIN_10_EXP__ (-37)
#define __FLT_MIN_EXP__ (-125)
#define __FLT_MIN__ 1.17549435e-38F
#define __FLT_RADIX__ 2
#define __GCC_ATOMIC_BOOL_LOCK_FREE 2
#define __GCC_ATOMIC_CHAR16_T_LOCK_FREE 2
#define __GCC_ATOMIC_CHAR32_T_LOCK_FREE 2
#define __GCC_ATOMIC_CHAR_LOCK_FREE 2
#define __GCC_ATOMIC_INT_LOCK_FREE 2
#define __GCC_ATOMIC_LLONG_LOCK_FREE 2
#define __GCC_ATOMIC_LONG_LOCK_FREE 2
#define __GCC_ATOMIC_POINTER_LOCK_FREE 2
#define __GCC_ATOMIC_SHORT_LOCK_FREE 2
#define __GCC_ATOMIC_TEST_AND_SET_TRUEVAL 1
#define __GCC_ATOMIC_WCHAR_T_LOCK_FREE 2
#define __GCC_HAVE_SYNC_COMPARE_AND_SWAP_1 1
#define __GCC_HAVE_SYNC_COMPARE_AND_SWAP_2 1
#define __GCC_HAVE_SYNC_COMPARE_AND_SWAP_4 1
#define __GCC_HAVE_SYNC_COMPARE_AND_SWAP_8 1
#define __GNUC_MINOR__ 2
#define __GNUC_PATCHLEVEL__ 1
#define __GNUC_STDC_INLINE__ 1
#define __GNUC__ 4
#define __GXX_ABI_VERSION 1002
#define __INT16_C_SUFFIX__ 
#define __INT16_FMTd__ "hd"
#define __INT16_FMTi__ "hi"
#define __INT16_MAX__ 32767
#define __INT16_TYPE__ short
#define __INT32_C_SUFFIX__ 
#define __INT32_FMTd__ "d"
#define __INT32_FMTi__ "i"
#define __INT32_MAX__ 2147483647
#define __INT32_TYPE__ int
#define __INT64_C_SUFFIX__ LL
#define __INT64_FMTd__ "lld"
#define __INT64_FMTi__ "lli"
#define __INT64_MAX__ 9223372036854775807LL
#define __INT64_TYPE__ long long int
#define __INT8_C_SUFFIX__ 
#define __INT8_FMTd__ "hhd"
#define __INT8_FMTi__ "hhi"
#define __INT8_MAX__ 127
#define __INT8_TYPE__ signed char
#define __INTMAX_C_SUFFIX__ L
#define __INTMAX_FMTd__ "ld"
#define __INTMAX_FMTi__ "li"
#define __INTMAX_MAX__ 9223372036854775807L
#define __INTMAX_TYPE__ long int
#define __INTMAX_WIDTH__ 64
#define __INTPTR_FMTd__ "ld"
#define __INTPTR_FMTi__ "li"
#define __INTPTR_MAX__ 9223372036854775807L
#define __INTPTR_TYPE__ long int
#define __INTPTR_WIDTH__ 64
#define __INT_FAST16_FMTd__ "hd"
#define __INT_FAST16_FMTi__ "hi"
#define __INT_FAST16_MAX__ 32767
#define __INT_FAST16_TYPE__ short
#define __INT_FAST32_FMTd__ "d"
#define __INT_FAST32_FMTi__ "i"
#define __INT_FAST32_MAX__ 2147483647
#define __INT_FAST32_TYPE__ int
#define __INT_FAST64_FMTd__ "lld"
#define __INT_FAST64_FMTi__ "lli"
#define __INT_FAST64_MAX__ 9223372036854775807LL
#define __INT_FAST64_TYPE__ long long int
#define __INT_FAST8_FMTd__ "hhd"
#define __INT_FAST8_FMTi__ "hhi"
#define __INT_FAST8_MAX__ 127
#define __INT_FAST8_TYPE__ signed char
#define __INT_LEAST16_FMTd__ "hd"
#define __INT_LEAST16_FMTi__ "hi"
#define __INT_LEAST16_MAX__ 32767
#define __INT_LEAST16_TYPE__ short
#define __INT_LEAST32_FMTd__ "d"
#define __INT_LEAST32_FMTi__ "i"
#define __INT_LEAST32_MAX__ 2147483647
#define __INT_LEAST32_TYPE__ int
#define __INT_LEAST64_FMTd__ "lld"
#define __INT_LEAST64_FMTi__ "lli"
#define __INT_LEAST64_MAX__ 9223372036854775807LL
#define __INT_LEAST64_TYPE__ long long int
#define __INT_LEAST8_FMTd__ "hhd"
#define __INT_LEAST8_FMTi__ "hhi"
#define __INT_LEAST8_MAX__ 127
#define __INT_LEAST8_TYPE__ signed char
#define __INT_MAX__ 2147483647
#define __LDBL_DECIMAL_DIG__ 17
#define __LDBL_DENORM_MIN__ 4.9406564584124654e-324L
#define __LDBL_DIG__ 15
#define __LDBL_EPSILON__ 2.2204460492503131e-16L
#define __LDBL_HAS_DENORM__ 1
#define __LDBL_HAS_INFINITY__ 1
#define __LDBL_HAS_QUIET_NAN__ 1
#define __LDBL_MANT_DIG__ 53
#define __LDBL_MAX_10_EXP__ 308
#define __LDBL_MAX_EXP__ 1024
#define __LDBL_MAX__ 1.7976931348623157e+308L
#define __LDBL_MIN_10_EXP__ (-307)
#define __LDBL_MIN_EXP__ (-1021)
#define __LDBL_MIN__ 2.2250738585072014e-308L
#define __LITTLE_ENDIAN__ 1
#define __LONG_LONG_MAX__ 9223372036854775807LL
#define __LONG_MAX__ 9223372036854775807L
#define __LP64__ 1
#define __MACH__ 1
#define __NO_INLINE__ 1
#define __OBJC_BOOL_IS_BOOL 1
#define __OPENCL_MEMORY_SCOPE_ALL_SVM_DEVICES 3
#define __OPENCL_MEMORY_SCOPE_DEVICE 2
#define __OPENCL_MEMORY_SCOPE_SUB_GROUP 4
#define __OPENCL_MEMORY_SCOPE_WORK_GROUP 1
#define __OPENCL_MEMORY_SCOPE_WORK_ITEM 0
#define __ORDER_BIG_ENDIAN__ 4321
#define __ORDER_LITTLE_ENDIAN__ 1234
#define __ORDER_PDP_ENDIAN__ 3412
#define __PIC__ 2
#define __POINTER_WIDTH__ 64
#define __PRAGMA_REDEFINE_EXTNAME 1
#define __PTRDIFF_FMTd__ "ld"
#define __PTRDIFF_FMTi__ "li"
#define __PTRDIFF_MAX__ 9223372036854775807L
#define __PTRDIFF_TYPE__ long int
#define __PTRDIFF_WIDTH__ 64
#define __REGISTER_PREFIX__ 
#define __SCHAR_MAX__ 127
#define __SHRT_MAX__ 32767
#define __SIG_ATOMIC_MAX__ 2147483647
#define __SIG_ATOMIC_WIDTH__ 32
#define __SIZEOF_DOUBLE__ 8
#define __SIZEOF_FLOAT__ 4
#define __SIZEOF_INT128__ 16
#define __SIZEOF_INT__ 4
#define __SIZEOF_LONG_DOUBLE__ 8
#define __SIZEOF_LONG_LONG__ 8
#define __SIZEOF_LONG__ 8
#define __SIZEOF_POINTER__ 8
#define __SIZEOF_PTRDIFF_T__ 8
#define __SIZEOF_SHORT__ 2
#define __SIZEOF_SIZE_T__ 8
#define __SIZEOF_WCHAR_T__ 4
#define __SIZEOF_WINT_T__ 4
#define __SIZE_FMTX__ "lX"
#define __SIZE_FMTo__ "lo"
#define __SIZE_FMTu__ "lu"
#define __SIZE_FMTx__ "lx"
#define __SIZE_MAX__ 18446744073709551615UL
#define __SIZE_TYPE__ long unsigned int
#define __SIZE_WIDTH__ 64
#define __SSP__ 1
#define __STDC_HOSTED__ 1
#define __STDC_NO_THREADS__ 1
#define __STDC_UTF_16__ 1
#define __STDC_UTF_32__ 1
#define __STDC_VERSION__ 201710L
#define __STDC__ 1
#define __UINT16_C_SUFFIX__ 
#define __UINT16_FMTX__ "hX"
#define __UINT16_FMTo__ "ho"
#define __UINT16_FMTu__ "hu"
#define __UINT16_FMTx__ "hx"
#define __UINT16_MAX__ 65535
#define __UINT16_TYPE__ unsigned short
#define __UINT32_C_SUFFIX__ U
#define __UINT32_FMTX__ "X"
#define __UINT32_FMTo__ "o"
#define __UINT32_FMTu__ "u"
#define __UINT32_FMTx__ "x"
#define __UINT32_MAX__ 4294967295U
#define __UINT32_TYPE__ unsigned int
#define __UINT64_C_SUFFIX__ ULL
#define __UINT64_FMTX__ "llX"
#define __UINT64_FMTo__ "llo"
#define __UINT64_FMTu__ "llu"
#define __UINT64_FMTx__ "llx"
#define __UINT64_MAX__ 18446744073709551615ULL
#define __UINT64_TYPE__ long long unsigned int
#define __UINT8_C_SUFFIX__ 
#define __UINT8_FMTX__ "hhX"
#define __UINT8_FMTo__ "hho"
#define __UINT8_FMTu__ "hhu"
#define __UINT8_FMTx__ "hhx"
#define __UINT8_MAX__ 255
#define __UINT8_TYPE__ unsigned char
#define __UINTMAX_C_SUFFIX__ UL
#define __UINTMAX_FMTX__ "lX"
#define __UINTMAX_FMTo__ "lo"
#define __UINTMAX_FMTu__ "lu"
#define __UINTMAX_FMTx__ "lx"
#define __UINTMAX_MAX__ 18446744073709551615UL
#define __UINTMAX_TYPE__ long unsigned int
#define __UINTMAX_WIDTH__ 64
#define __UINTPTR_FMTX__ "lX"
#define __UINTPTR_FMTo__ "lo"
#define __UINTPTR_FMTu__ "lu"
#define __UINTPTR_FMTx__ "lx"
#define __UINTPTR_MAX__ 18446744073709551615UL
#define __UINTPTR_TYPE__ long unsigned int
#define __UINTPTR_WIDTH__ 64
#define __UINT_FAST16_FMTX__ "hX"
#define __UINT_FAST16_FMTo__ "ho"
#define __UINT_FAST16_FMTu__ "hu"
#define __UINT_FAST16_FMTx__ "hx"
#define __UINT_FAST16_MAX__ 65535
#define __UINT_FAST16_TYPE__ unsigned short
#define __UINT_FAST32_FMTX__ "X"
#define __UINT_FAST32_FMTo__ "o"
#define __UINT_FAST32_FMTu__ "u"
#define __UINT_FAST32_FMTx__ "x"
#define __UINT_FAST32_MAX__ 4294967295U
#define __UINT_FAST32_TYPE__ unsigned int
#define __UINT_FAST64_FMTX__ "llX"
#define __UINT_FAST64_FMTo__ "llo"
#define __UINT_FAST64_FMTu__ "llu"
#define __UINT_FAST64_FMTx__ "llx"
#define __UINT_FAST64_MAX__ 18446744073709551615ULL
#define __UINT_FAST64_TYPE__ long long unsigned int
#define __UINT_FAST8_FMTX__ "hhX"
#define __UINT_FAST8_FMTo__ "hho"
#define __UINT_FAST8_FMTu__ "hhu"
#define __UINT_FAST8_FMTx__ "hhx"
#define __UINT_FAST8_MAX__ 255
#define __UINT_FAST8_TYPE__ unsigned char
#define __UINT_LEAST16_FMTX__ "hX"
#define __UINT_LEAST16_FMTo__ "ho"
#define __UINT_LEAST16_FMTu__ "hu"
#define __UINT_LEAST16_FMTx__ "hx"
#define __UINT_LEAST16_MAX__ 65535
#define __UINT_LEAST16_TYPE__ unsigned short
#define __UINT_LEAST32_FMTX__ "X"
#define __UINT_LEAST32_FMTo__ "o"
#define __UINT_LEAST32_FMTu__ "u"
#define __UINT_LEAST32_FMTx__ "x"
#define __UINT_LEAST32_MAX__ 4294967295U
#define __UINT_LEAST32_TYPE__ unsigned int
#define __UINT_LEAST64_FMTX__ "llX"
#define __UINT_LEAST64_FMTo__ "llo"
#define __UINT_LEAST64_FMTu__ "llu"
#define __UINT_LEAST64_FMTx__ "llx"
#define __UINT_LEAST64_MAX__ 18446744073709551615ULL
#define __UINT_LEAST64_TYPE__ long long unsigned int
#define __UINT_LEAST8_FMTX__ "hhX"
#define __UINT_LEAST8_FMTo__ "hho"
#define __UINT_LEAST8_FMTu__ "hhu"
#define __UINT_LEAST8_FMTx__ "hhx"
#define __UINT_LEAST8_MAX__ 255
#define __UINT_LEAST8_TYPE__ unsigned char
#define __USER_LABEL_PREFIX__ _
#define __VERSION__ "Apple LLVM 13.0.0 (clang-1300.0.29.3)"
#define __WCHAR_MAX__ 2147483647
#define __WCHAR_TYPE__ int
#define __WCHAR_WIDTH__ 32
#define __WINT_MAX__ 2147483647
#define __WINT_TYPE__ int
#define __WINT_WIDTH__ 32
#define __aarch64__ 1
#define __apple_build_version__ 13000029
#define __arm64 1
#define __arm64__ 1
#define __block __attribute__((__blocks__(byref)))
#define __clang__ 1
#define __clang_major__ 13
#define __clang_minor__ 0
#define __clang_patchlevel__ 0
#define __clang_version__ "13.0.0 (clang-1300.0.29.3)"
#define __llvm__ 1
#define __nonnull _Nonnull
#define __null_unspecified _Null_unspecified
#define __nullable _Nullable
#define __pic__ 2
#define __strong 
#define __unsafe_unretained 
#define __weak __attribute__((objc_gc(weak)))

find program=['llvm-ar', 'ar'] paths=['/opt/homebrew/opt/qt@5/bin', '/opt/homebrew/opt/qt@5/bin', '/opt/homebrew/bin', '/usr/local/opt/qt@5/bin', '/usr/local/opt/qt@5/bin', '/Users/william/opt/miniconda3/bin', '/Users/william/opt/miniconda3/condabin', '/opt/homebrew/bin', '/opt/homebrew/sbin', '/usr/local/bin', '/usr/bin', '/bin', '/usr/sbin', '/sbin', '/Applications/VMware Fusion Tech Preview.app/Contents/Public', '/Library/TeX/texbin', '/opt/X11/bin', '/Library/Apple/usr/bin'] var='AR' -> ['/usr/bin/ar']
find program=['ar'] paths=['/opt/homebrew/opt/qt@5/bin', '/opt/homebrew/opt/qt@5/bin', '/opt/homebrew/bin', '/usr/local/opt/qt@5/bin', '/usr/local/opt/qt@5/bin', '/Users/william/opt/miniconda3/bin', '/Users/william/opt/miniconda3/condabin', '/opt/homebrew/bin', '/opt/homebrew/sbin', '/usr/local/bin', '/usr/bin', '/bin', '/usr/sbin', '/sbin', '/Applications/VMware Fusion Tech Preview.app/Contents/Public', '/Library/TeX/texbin', '/opt/X11/bin', '/Library/Apple/usr/bin'] var='AR' -> ['/usr/bin/ar']
/usr/bin/clang++
------------------------------------------------
Checking for compilation flag -std=c++17 support
==>
int main() { return 0; }
<==
[1/1] Compiling [32mbuild/.conf_check_040c0dd0eda912b8b29d7d1ce92ad6d6/test.cpp[0m

['/usr/bin/clang++', '-O0', '-ggdb', '-g3', '-Wall', '-Werror', '-Wno-unused-local-typedefs', '-Wno-potentially-evaluated-expression', '-std=c++17', '-std=c++17', '-DNS3_BUILD_PROFILE_DEBUG', '-DNS3_ASSERT_ENABLE', '-DNS3_LOG_ENABLE', '../test.cpp', '-c', '-o/Users/william/Documents/Masters/ns-allinone-3.35/ns-3.35/build/.conf_check_040c0dd0eda912b8b29d7d1ce92ad6d6/testbuild/test.cpp.1.o']
ok
boost: loading conf
boost: scanning for required libs
boost: libs required: []
------------------------------------------------
Checking boost includes
headers not found, please provide a --boost-includes argument (see help)
from /Users/william/Documents/Masters/ns-allinone-3.35/ns-3.35: The configuration failed
boost: checking if we should define HAVE_BOOST
boost: checking which libs are present
------------------------------------------------
Checking for program 'python'
/opt/homebrew/opt/python@3.9/bin/python3.9
find program=['python'] paths=['/opt/homebrew/opt/qt@5/bin', '/opt/homebrew/opt/qt@5/bin', '/opt/homebrew/bin', '/usr/local/opt/qt@5/bin', '/usr/local/opt/qt@5/bin', '/Users/william/opt/miniconda3/bin', '/Users/william/opt/miniconda3/condabin', '/opt/homebrew/bin', '/opt/homebrew/sbin', '/usr/local/bin', '/usr/bin', '/bin', '/usr/sbin', '/sbin', '/Applications/VMware Fusion Tech Preview.app/Contents/Public', '/Library/TeX/texbin', '/opt/X11/bin', '/Library/Apple/usr/bin'] var='PYTHON' -> ['/opt/homebrew/opt/python@3.9/bin/python3.9']
['/opt/homebrew/opt/python@3.9/bin/python3.9', '-c', 'import sys\ntry:\n print(sys.implementation.cache_tag)\nexcept AttributeError:\n import imp\n print(imp.get_tag())\n']
out: cpython-39

['/opt/homebrew/opt/python@3.9/bin/python3.9', '-c', 'import sys\nfor x in sys.version_info: print(str(x))']
out: 3
9
12
final
0

['/opt/homebrew/opt/python@3.9/bin/python3.9', '-c', "from distutils.sysconfig import get_config_var, get_python_lib\n\nprint(repr(get_python_lib(standard_lib=0, prefix='/usr/local') or ''))"]
out: '/usr/local/lib/python3.9/site-packages'

'/usr/local/lib/python3.9/site-packages'

['/opt/homebrew/opt/python@3.9/bin/python3.9', '-c', "from distutils.sysconfig import get_config_var, get_python_lib\n\nprint(repr(get_python_lib(plat_specific=1, standard_lib=0, prefix='/usr/local') or ''))"]
out: '/usr/local/lib/python3.9/site-packages'

'/usr/local/lib/python3.9/site-packages'

------------------------------------------------
Checking for python version >= 2.3
3.9.12
['/opt/homebrew/opt/python@3.9/bin/python3.9', '-c', "from distutils.sysconfig import get_config_var, get_python_lib\n\nprint(repr(get_config_var('prefix') or ''))\nprint(repr(get_config_var('SO') or ''))\nprint(repr(get_config_var('LDFLAGS') or ''))\nprint(repr(get_config_var('LIBDIR') or ''))\nprint(repr(get_config_var('LIBPL') or ''))\nprint(repr(get_config_var('INCLUDEPY') or ''))\nprint(repr(get_config_var('Py_ENABLE_SHARED') or ''))\nprint(repr(get_config_var('MACOSX_DEPLOYMENT_TARGET') or ''))\nprint(repr(get_config_var('LDSHARED') or ''))\nprint(repr(get_config_var('CFLAGS') or ''))\nprint(repr(get_config_var('LDVERSION') or ''))"]
out: '/opt/homebrew/opt/python@3.9/Frameworks/Python.framework/Versions/3.9'
'.cpython-39-darwin.so'
'-isysroot /Library/Developer/CommandLineTools/SDKs/MacOSX12.sdk'
'/opt/homebrew/opt/python@3.9/Frameworks/Python.framework/Versions/3.9/lib'
'/opt/homebrew/opt/python@3.9/Frameworks/Python.framework/Versions/3.9/lib/python3.9/config-3.9-darwin'
'/opt/homebrew/opt/python@3.9/Frameworks/Python.framework/Versions/3.9/include/python3.9'
''
'12'
'clang -bundle -undefined dynamic_lookup -isysroot /Library/Developer/CommandLineTools/SDKs/MacOSX12.sdk'
'-Wno-unused-result -Wsign-compare -Wunreachable-code -fno-common -dynamic -DNDEBUG -g -fwrapv -O3 -Wall -isysroot /Library/Developer/CommandLineTools/SDKs/MacOSX12.sdk'
'3.9'

err: <string>:4: DeprecationWarning: SO is deprecated, use EXT_SUFFIX

'/opt/homebrew/opt/python@3.9/Frameworks/Python.framework/Versions/3.9'
'.cpython-39-darwin.so'
'-isysroot /Library/Developer/CommandLineTools/SDKs/MacOSX12.sdk'
'/opt/homebrew/opt/python@3.9/Frameworks/Python.framework/Versions/3.9/lib'
'/opt/homebrew/opt/python@3.9/Frameworks/Python.framework/Versions/3.9/lib/python3.9/config-3.9-darwin'
'/opt/homebrew/opt/python@3.9/Frameworks/Python.framework/Versions/3.9/include/python3.9'
''
'12'
'clang -bundle -undefined dynamic_lookup -isysroot /Library/Developer/CommandLineTools/SDKs/MacOSX12.sdk'
'-Wno-unused-result -Wsign-compare -Wunreachable-code -fno-common -dynamic -DNDEBUG -g -fwrapv -O3 -Wall -isysroot /Library/Developer/CommandLineTools/SDKs/MacOSX12.sdk'
'3.9'

Configuration returned from ['/opt/homebrew/opt/python@3.9/bin/python3.9']:
prefix = '/opt/homebrew/opt/python@3.9/Frameworks/Python.framework/Versions/3.9'
SO = '.cpython-39-darwin.so'
LDFLAGS = '-isysroot /Library/Developer/CommandLineTools/SDKs/MacOSX12.sdk'
LIBDIR = '/opt/homebrew/opt/python@3.9/Frameworks/Python.framework/Versions/3.9/lib'
LIBPL = '/opt/homebrew/opt/python@3.9/Frameworks/Python.framework/Versions/3.9/lib/python3.9/config-3.9-darwin'
INCLUDEPY = '/opt/homebrew/opt/python@3.9/Frameworks/Python.framework/Versions/3.9/include/python3.9'
Py_ENABLE_SHARED = ''
MACOSX_DEPLOYMENT_TARGET = '12'
LDSHARED = 'clang -bundle -undefined dynamic_lookup -isysroot /Library/Developer/CommandLineTools/SDKs/MacOSX12.sdk'
CFLAGS = '-Wno-unused-result -Wsign-compare -Wunreachable-code -fno-common -dynamic -DNDEBUG -g -fwrapv -O3 -Wall -isysroot /Library/Developer/CommandLineTools/SDKs/MacOSX12.sdk'
LDVERSION = '3.9'

------------------------------------------------
python-config
/opt/homebrew/opt/python@3.9/bin/python3.9-config
find program=['/opt/homebrew/opt/python@3.9/bin/python3.9-config', 'python3.9-config', 'python-config-3.9', 'python3.9m-config'] paths=['/opt/homebrew/opt/qt@5/bin', '/opt/homebrew/opt/qt@5/bin', '/opt/homebrew/bin', '/usr/local/opt/qt@5/bin', '/usr/local/opt/qt@5/bin', '/Users/william/opt/miniconda3/bin', '/Users/william/opt/miniconda3/condabin', '/opt/homebrew/bin', '/opt/homebrew/sbin', '/usr/local/bin', '/usr/bin', '/bin', '/usr/sbin', '/sbin', '/Applications/VMware Fusion Tech Preview.app/Contents/Public', '/Library/TeX/texbin', '/opt/X11/bin', '/Library/Apple/usr/bin'] var='PYTHON_CONFIG' -> ['/opt/homebrew/opt/python@3.9/bin/python3.9-config']
--------------------------------------------------------------------------
Asking python-config for pyembed '--cflags --libs --ldflags --embed' flags
['/opt/homebrew/opt/python@3.9/bin/python3.9-config', '--cflags', '--libs', '--ldflags', '--embed']
out: -I/opt/homebrew/opt/python@3.9/Frameworks/Python.framework/Versions/3.9/include/python3.9 -I/opt/homebrew/opt/python@3.9/Frameworks/Python.framework/Versions/3.9/include/python3.9 -Wno-unused-result -Wsign-compare -Wunreachable-code -fno-common -dynamic -DNDEBUG -g -fwrapv -O3 -Wall -isysroot /Library/Developer/CommandLineTools/SDKs/MacOSX12.sdk
-lpython3.9 -ldl -framework CoreFoundation
-L/opt/homebrew/opt/python@3.9/Frameworks/Python.framework/Versions/3.9/lib/python3.9/config-3.9-darwin -lpython3.9 -ldl -framework CoreFoundation

Unhandled flag '-Wno-unused-result'
Unhandled flag '-Wsign-compare'
Unhandled flag '-Wunreachable-code'
Unhandled flag '-Wall'
yes
--------------------------------------------------------------------------
Testing pyembed configuration
==>

#include <Python.h>
#ifdef __cplusplus
extern "C" {
#endif
	void Py_Initialize(void);
	void Py_Finalize(void);
#ifdef __cplusplus
}
#endif
int main(int argc, char **argv)
{
   (void)argc; (void)argv;
   Py_Initialize();
   Py_Finalize();
   return 0;
}

<==
[1/2] Compiling [32mbuild/.conf_check_b367436918f7cae05acae23362c521b8/test.cpp[0m

['/usr/bin/clang++', '-O0', '-ggdb', '-g3', '-Wall', '-Werror', '-Wno-unused-local-typedefs', '-Wno-potentially-evaluated-expression', '-std=c++17', '-fno-common', '-dynamic', '-g', '-fwrapv', '-O3', '-isysroot', '/Library/Developer/CommandLineTools/SDKs/MacOSX12.sdk', '-I/opt/homebrew/opt/python@3.9/Frameworks/Python.framework/Versions/3.9/include/python3.9', '-DNS3_BUILD_PROFILE_DEBUG', '-DNS3_ASSERT_ENABLE', '-DNS3_LOG_ENABLE', '-DPYTHONDIR="/usr/local/lib/python3.9/site-packages"', '-DPYTHONARCHDIR="/usr/local/lib/python3.9/site-packages"', '-DNDEBUG', '../test.cpp', '-c', '-o/Users/william/Documents/Masters/ns-allinone-3.35/ns-3.35/build/.conf_check_b367436918f7cae05acae23362c521b8/testbuild/test.cpp.1.o']
[2/2] Linking [33mbuild/.conf_check_b367436918f7cae05acae23362c521b8/testbuild/testprog[0m

['/usr/bin/clang++', 'test.cpp.1.o', '-o/Users/william/Documents/Masters/ns-allinone-3.35/ns-3.35/build/.conf_check_b367436918f7cae05acae23362c521b8/testbuild/testprog', '-framework', 'CoreFoundation', '-L/opt/homebrew/opt/python@3.9/Frameworks/Python.framework/Versions/3.9/lib/python3.9/config-3.9-darwin', '-lpython3.9', '-ldl', '-lpython3.9', '-ldl']
yes
--------------------------------------------------------------------------
Asking python-config for pyext '--cflags --libs --ldflags' flags
['/opt/homebrew/opt/python@3.9/bin/python3.9-config', '--cflags', '--libs', '--ldflags']
out: -I/opt/homebrew/opt/python@3.9/Frameworks/Python.framework/Versions/3.9/include/python3.9 -I/opt/homebrew/opt/python@3.9/Frameworks/Python.framework/Versions/3.9/include/python3.9 -Wno-unused-result -Wsign-compare -Wunreachable-code -fno-common -dynamic -DNDEBUG -g -fwrapv -O3 -Wall -isysroot /Library/Developer/CommandLineTools/SDKs/MacOSX12.sdk
-ldl -framework CoreFoundation
-L/opt/homebrew/opt/python@3.9/Frameworks/Python.framework/Versions/3.9/lib/python3.9/config-3.9-darwin -ldl -framework CoreFoundation

Unhandled flag '-Wno-unused-result'
Unhandled flag '-Wsign-compare'
Unhandled flag '-Wunreachable-code'
Unhandled flag '-Wall'
yes
--------------------------------------------------------------------------
Testing pyext configuration
==>

#include <Python.h>
#ifdef __cplusplus
extern "C" {
#endif
	void Py_Initialize(void);
	void Py_Finalize(void);
#ifdef __cplusplus
}
#endif
int main(int argc, char **argv)
{
   (void)argc; (void)argv;
   Py_Initialize();
   Py_Finalize();
   return 0;
}

<==
[1/2] Compiling [32mbuild/.conf_check_66b724fcf417dea0fd77d12e509b70c6/test.cpp[0m

['/usr/bin/clang++', '-O0', '-ggdb', '-g3', '-Wall', '-Werror', '-Wno-unused-local-typedefs', '-Wno-potentially-evaluated-expression', '-std=c++17', '-fPIC', '-fno-common', '-dynamic', '-g', '-fwrapv', '-O3', '-isysroot', '/Library/Developer/CommandLineTools/SDKs/MacOSX12.sdk', '-fPIC', '-I/opt/homebrew/opt/python@3.9/Frameworks/Python.framework/Versions/3.9/include/python3.9', '-DNS3_BUILD_PROFILE_DEBUG', '-DNS3_ASSERT_ENABLE', '-DNS3_LOG_ENABLE', '-DPYTHONDIR="/usr/local/lib/python3.9/site-packages"', '-DPYTHONARCHDIR="/usr/local/lib/python3.9/site-packages"', '-DHAVE_PYEMBED=1', '-DNDEBUG', '../test.cpp', '-c', '-o/Users/william/Documents/Masters/ns-allinone-3.35/ns-3.35/build/.conf_check_66b724fcf417dea0fd77d12e509b70c6/testbuild/test.cpp.1.o']
[2/2] Linking [33mbuild/.conf_check_66b724fcf417dea0fd77d12e509b70c6/testbuild/testprog.cpython-39-darwin.so[0m

['/usr/bin/clang++', '-bundle', '-undefined', 'dynamic_lookup', 'test.cpp.1.o', '-o/Users/william/Documents/Masters/ns-allinone-3.35/ns-3.35/build/.conf_check_66b724fcf417dea0fd77d12e509b70c6/testbuild/testprog.cpython-39-darwin.so', '-framework', 'CoreFoundation', '-L/opt/homebrew/opt/python@3.9/Frameworks/Python.framework/Versions/3.9/lib/python3.9/config-3.9-darwin', '-ldl', '-ldl']
yes
--------------------------------------------------------------------------
Checking for compilation flag -Wno-array-bounds support
==>
int main() { return 0; }
<==
[1/1] Compiling [32mbuild/.conf_check_040c0dd0eda912b8b29d7d1ce92ad6d6/test.cpp[0m

['/usr/bin/clang++', '-O0', '-ggdb', '-g3', '-Wall', '-Werror', '-Wno-unused-local-typedefs', '-Wno-potentially-evaluated-expression', '-std=c++17', '-Wno-array-bounds', '-DNS3_BUILD_PROFILE_DEBUG', '-DNS3_ASSERT_ENABLE', '-DNS3_LOG_ENABLE', '-DPYTHONDIR="/usr/local/lib/python3.9/site-packages"', '-DPYTHONARCHDIR="/usr/local/lib/python3.9/site-packages"', '-DHAVE_PYEMBED=1', '-DHAVE_PYEXT=1', '-DHAVE_PYTHON_H=1', '../test.cpp', '-c', '-o/Users/william/Documents/Masters/ns-allinone-3.35/ns-3.35/build/.conf_check_040c0dd0eda912b8b29d7d1ce92ad6d6/testbuild/test.cpp.1.o']
ok
--------------------------------------------------------------------------
Checking for pybindgen location
../pybindgen-0.22.0 (guessed)
--------------------------------------------------------------------------
Checking for python module 'pybindgen'
['/opt/homebrew/opt/python@3.9/bin/python3.9', '-c', "\nimport pybindgen as current_module\nversion = getattr(current_module, '__version__', None)\nif version is not None:\n\tprint(str(version))\nelse:\n\tprint('unknown version')\n"]
out: 0.22.0

0.22.0
--------------------------------------------------------------------------
Checking for pybindgen version
0.22.0
--------------------------------------------------------------------------
Checking for code snippet
==>

#include <stdint.h>
#include <vector>

int main ()
{
   std::vector< uint64_t > t = std::vector< unsigned long > ();
   return 0;
}

<==
[1/1] Compiling [32mbuild/.conf_check_3c4794929f224d1606d19026cf2e743a/test.cpp[0m

['/usr/bin/clang++', '-O0', '-ggdb', '-g3', '-Wall', '-Werror', '-Wno-unused-local-typedefs', '-Wno-potentially-evaluated-expression', '-std=c++17', '-DNS3_BUILD_PROFILE_DEBUG', '-DNS3_ASSERT_ENABLE', '-DNS3_LOG_ENABLE', '-DPYTHONDIR="/usr/local/lib/python3.9/site-packages"', '-DPYTHONARCHDIR="/usr/local/lib/python3.9/site-packages"', '-DHAVE_PYEMBED=1', '-DHAVE_PYEXT=1', '-DHAVE_PYTHON_H=1', '../test.cpp', '-c', '-o/Users/william/Documents/Masters/ns-allinone-3.35/ns-3.35/build/.conf_check_3c4794929f224d1606d19026cf2e743a/testbuild/test.cpp.1.o']
err: ../test.cpp:7:28: error: no viable conversion from 'vector<unsigned long>' to 'vector<uint64_t>'
   std::vector< uint64_t > t = std::vector< unsigned long > ();
                           ^   ~~~~~~~~~~~~~~~~~~~~~~~~~~~~~~~
/Library/Developer/CommandLineTools/SDKs/MacOSX.sdk/usr/include/c++/v1/vector:581:5: note: candidate constructor not viable: no known conversion from 'std::vector<unsigned long>' to 'const std::vector<unsigned long long> &' for 1st argument
    vector(const vector& __x);
    ^
/Library/Developer/CommandLineTools/SDKs/MacOSX.sdk/usr/include/c++/v1/vector:588:5: note: candidate constructor not viable: no known conversion from 'std::vector<unsigned long>' to 'initializer_list<std::vector<unsigned long long>::value_type>' (aka 'initializer_list<unsigned long long>') for 1st argument
    vector(initializer_list<value_type> __il);
    ^
/Library/Developer/CommandLineTools/SDKs/MacOSX.sdk/usr/include/c++/v1/vector:594:5: note: candidate constructor not viable: no known conversion from 'std::vector<unsigned long>' to 'std::vector<unsigned long long> &&' for 1st argument
    vector(vector&& __x)
    ^
/Library/Developer/CommandLineTools/SDKs/MacOSX.sdk/usr/include/c++/v1/vector:525:40: note: explicit constructor is not a candidate
    _LIBCPP_INLINE_VISIBILITY explicit vector(const allocator_type& __a)
                                       ^
/Library/Developer/CommandLineTools/SDKs/MacOSX.sdk/usr/include/c++/v1/vector:537:14: note: explicit constructor is not a candidate
    explicit vector(size_type __n);
             ^
1 error generated.

from /Users/william/Documents/Masters/ns-allinone-3.35/ns-3.35/bindings/python: Test does not build: Traceback (most recent call last):
  File "/Users/william/Documents/Masters/ns-allinone-3.35/ns-3.35/.waf3-2.0.21-c6c9a875365426e5928462b9b74d40b5/waflib/Configure.py", line 335, in run_build
    bld.compile()
  File "/Users/william/Documents/Masters/ns-allinone-3.35/ns-3.35/.waf3-2.0.21-c6c9a875365426e5928462b9b74d40b5/waflib/Build.py", line 176, in compile
    raise Errors.BuildError(self.producer.error)
waflib.Errors.BuildError: Build failed
 -> task in 'testprog' failed with exit status 1 (run with -v to display more information)

no
from /Users/william/Documents/Masters/ns-allinone-3.35/ns-3.35/bindings/python: The configuration failed
--------------------------------------------------------------------------
Checking for types uint64_t and unsigned long equivalence
yes
--------------------------------------------------------------------------
Checking for code snippet
==>

#include <stdint.h>
#include <vector>

int main ()
{
   std::vector< uint64_t > t = std::vector< unsigned long long > ();
   return 0;
}

<==
[1/1] Compiling [32mbuild/.conf_check_2dd1ea5fd6e3e98f803617848594785d/test.cpp[0m

['/usr/bin/clang++', '-O0', '-ggdb', '-g3', '-Wall', '-Werror', '-Wno-unused-local-typedefs', '-Wno-potentially-evaluated-expression', '-std=c++17', '-DNS3_BUILD_PROFILE_DEBUG', '-DNS3_ASSERT_ENABLE', '-DNS3_LOG_ENABLE', '-DPYTHONDIR="/usr/local/lib/python3.9/site-packages"', '-DPYTHONARCHDIR="/usr/local/lib/python3.9/site-packages"', '-DHAVE_PYEMBED=1', '-DHAVE_PYEXT=1', '-DHAVE_PYTHON_H=1', '../test.cpp', '-c', '-o/Users/william/Documents/Masters/ns-allinone-3.35/ns-3.35/build/.conf_check_2dd1ea5fd6e3e98f803617848594785d/testbuild/test.cpp.1.o']
yes
--------------------------------------------------------------------------
Checking for types uint64_t and unsigned long long equivalence
no
--------------------------------------------------------------------------
Checking for the apidefs that can be used for Python bindings
gcc-ILP32
--------------------------------------------------------------------------
Checking for internal GCC cxxabi
==>

# include <cxxabi.h>
int main ()
{
   const abi::__si_class_type_info *_typeinfo  __attribute__((unused)) = NULL;
   return 0;
}

<==
[1/2] Compiling [32mbuild/.conf_check_5af17e5884d0f64b2a76385c930904ab/test.cpp[0m

['/usr/bin/clang++', '-O0', '-ggdb', '-g3', '-Wall', '-Werror', '-Wno-unused-local-typedefs', '-Wno-potentially-evaluated-expression', '-std=c++17', '-DNS3_BUILD_PROFILE_DEBUG', '-DNS3_ASSERT_ENABLE', '-DNS3_LOG_ENABLE', '-DPYTHONDIR="/usr/local/lib/python3.9/site-packages"', '-DPYTHONARCHDIR="/usr/local/lib/python3.9/site-packages"', '-DHAVE_PYEMBED=1', '-DHAVE_PYEXT=1', '-DHAVE_PYTHON_H=1', '../test.cpp', '-c', '-o/Users/william/Documents/Masters/ns-allinone-3.35/ns-3.35/build/.conf_check_5af17e5884d0f64b2a76385c930904ab/testbuild/test.cpp.1.o']
err: ../test.cpp:5:15: error: no type named '__si_class_type_info' in namespace '__cxxabiv1'
   const abi::__si_class_type_info *_typeinfo  __attribute__((unused)) = NULL;
         ~~~~~^
1 error generated.

from /Users/william/Documents/Masters/ns-allinone-3.35/ns-3.35/bindings/python: Test does not build: Traceback (most recent call last):
  File "/Users/william/Documents/Masters/ns-allinone-3.35/ns-3.35/.waf3-2.0.21-c6c9a875365426e5928462b9b74d40b5/waflib/Configure.py", line 335, in run_build
    bld.compile()
  File "/Users/william/Documents/Masters/ns-allinone-3.35/ns-3.35/.waf3-2.0.21-c6c9a875365426e5928462b9b74d40b5/waflib/Build.py", line 176, in compile
    raise Errors.BuildError(self.producer.error)
waflib.Errors.BuildError: Build failed
 -> task in 'testprog' failed with exit status 1 (run with -v to display more information)

incomplete
from /Users/william/Documents/Masters/ns-allinone-3.35/ns-3.35/bindings/python: The configuration failed
--------------------------------------------------------------------------
Checking for python module 'pygccxml'
['/opt/homebrew/opt/python@3.9/bin/python3.9', '-c', "\nimport pygccxml as current_module\nversion = getattr(current_module, '__version__', None)\nif version is not None:\n\tprint(str(version))\nelse:\n\tprint('unknown version')\n"]
err: Traceback (most recent call last):
  File "<string>", line 2, in <module>
ModuleNotFoundError: No module named 'pygccxml'

not found
from /Users/william/Documents/Masters/ns-allinone-3.35/ns-3.35/bindings/python: Could not find the python module 'pygccxml'
--------------------------------------------------------------------------
Checking for click location
not found
--------------------------------------------------------------------------
Checking for program 'pkg-config'
/opt/homebrew/bin/pkg-config
find program=['pkg-config'] paths=['/opt/homebrew/opt/qt@5/bin', '/opt/homebrew/opt/qt@5/bin', '/opt/homebrew/bin', '/usr/local/opt/qt@5/bin', '/usr/local/opt/qt@5/bin', '/Users/william/opt/miniconda3/bin', '/Users/william/opt/miniconda3/condabin', '/opt/homebrew/bin', '/opt/homebrew/sbin', '/usr/local/bin', '/usr/bin', '/bin', '/usr/sbin', '/sbin', '/Applications/VMware Fusion Tech Preview.app/Contents/Public', '/Library/TeX/texbin', '/opt/X11/bin', '/Library/Apple/usr/bin'] var='PKGCONFIG' -> ['/opt/homebrew/bin/pkg-config']
--------------------------------------------------------------------------
Checking for 'gtk+-3.0 >= 3.22'
['/opt/homebrew/bin/pkg-config', '--cflags', '--libs', 'gtk+-3.0', '>=', '3.22']
err: Package gtk+-3.0 was not found in the pkg-config search path.
Perhaps you should add the directory containing `gtk+-3.0.pc'
to the PKG_CONFIG_PATH environment variable
No package 'gtk+-3.0' found

not found
from /Users/william/Documents/Masters/ns-allinone-3.35/ns-3.35/src/config-store: The configuration failed
--------------------------------------------------------------------------
Checking for 'libxml-2.0 >= 2.7'
['/opt/homebrew/bin/pkg-config', '--cflags', '--libs', 'libxml-2.0', '>=', '2.7']
out: -lxml2

yes
boost: core wants incs, required: False
boost: core: no boost, but not required
--------------------------------------------------------------------------
checking for uint128_t
==>

        #include <stdint.h>
        
        int main(int argc, char **argv) {
	(void)argc; (void)argv;
	if ((uint128_t *) 0) return 0;
	if (sizeof (uint128_t)) return 0;
	return 1;
        }
        
<==
[1/2] Compiling [32mbuild/.conf_check_2f39551c44a4e78a2e4469b1bac2d149/test.cpp[0m

['/usr/bin/clang++', '-O0', '-ggdb', '-g3', '-Wall', '-Werror', '-Wno-unused-local-typedefs', '-Wno-potentially-evaluated-expression', '-std=c++17', '-DNS3_BUILD_PROFILE_DEBUG', '-DNS3_ASSERT_ENABLE', '-DNS3_LOG_ENABLE', '../test.cpp', '-c', '-o/Users/william/Documents/Masters/ns-allinone-3.35/ns-3.35/build/.conf_check_2f39551c44a4e78a2e4469b1bac2d149/testbuild/test.cpp.1.o']
err: ../test.cpp:6:7: error: use of undeclared identifier 'uint128_t'
        if ((uint128_t *) 0) return 0;
             ^
../test.cpp:6:18: error: expected expression
        if ((uint128_t *) 0) return 0;
                        ^
../test.cpp:7:14: error: use of undeclared identifier 'uint128_t'
        if (sizeof (uint128_t)) return 0;
                    ^
3 errors generated.

from /Users/william/Documents/Masters/ns-allinone-3.35/ns-3.35/src/core: Test does not build: Traceback (most recent call last):
  File "/Users/william/Documents/Masters/ns-allinone-3.35/ns-3.35/.waf3-2.0.21-c6c9a875365426e5928462b9b74d40b5/waflib/Configure.py", line 335, in run_build
    bld.compile()
  File "/Users/william/Documents/Masters/ns-allinone-3.35/ns-3.35/.waf3-2.0.21-c6c9a875365426e5928462b9b74d40b5/waflib/Build.py", line 176, in compile
    raise Errors.BuildError(self.producer.error)
waflib.Errors.BuildError: Build failed
 -> task in 'testprog' failed with exit status 1 (run with -v to display more information)

not found
from /Users/william/Documents/Masters/ns-allinone-3.35/ns-3.35/src/core: The configuration failed
--------------------------------------------------------------------------
checking for __uint128_t
==>

        #include <stdint.h>
        
        int main(int argc, char **argv) {
	(void)argc; (void)argv;
	if ((__uint128_t *) 0) return 0;
	if (sizeof (__uint128_t)) return 0;
	return 1;
        }
        
<==
[1/2] Compiling [32mbuild/.conf_check_9858f12ee3e8fd10ddbed7322e7f6d39/test.cpp[0m

['/usr/bin/clang++', '-O0', '-ggdb', '-g3', '-Wall', '-Werror', '-Wno-unused-local-typedefs', '-Wno-potentially-evaluated-expression', '-std=c++17', '-DNS3_BUILD_PROFILE_DEBUG', '-DNS3_ASSERT_ENABLE', '-DNS3_LOG_ENABLE', '../test.cpp', '-c', '-o/Users/william/Documents/Masters/ns-allinone-3.35/ns-3.35/build/.conf_check_9858f12ee3e8fd10ddbed7322e7f6d39/testbuild/test.cpp.1.o']
[2/2] Linking [33mbuild/.conf_check_9858f12ee3e8fd10ddbed7322e7f6d39/testbuild/testprog[0m

['/usr/bin/clang++', 'test.cpp.1.o', '-o/Users/william/Documents/Masters/ns-allinone-3.35/ns-3.35/build/.conf_check_9858f12ee3e8fd10ddbed7322e7f6d39/testbuild/testprog']
yes
--------------------------------------------------------------------------
Checking high precision implementation
128-bit integer (default)
--------------------------------------------------------------------------
Checking for header stdint.h
==>
#include <stdint.h>

int main(int argc, char **argv) {
	(void)argc; (void)argv;
	return 0;
}

<==
[1/2] Compiling [32mbuild/.conf_check_78f27eb1cb7d718aa77ac6221c1170cb/test.cpp[0m

['/usr/bin/clang++', '-O0', '-ggdb', '-g3', '-Wall', '-Werror', '-Wno-unused-local-typedefs', '-Wno-potentially-evaluated-expression', '-std=c++17', '-DNS3_BUILD_PROFILE_DEBUG', '-DNS3_ASSERT_ENABLE', '-DNS3_LOG_ENABLE', '-DHAVE___UINT128_T=1', '-DINT64X64_USE_128=1', '../test.cpp', '-c', '-o/Users/william/Documents/Masters/ns-allinone-3.35/ns-3.35/build/.conf_check_78f27eb1cb7d718aa77ac6221c1170cb/testbuild/test.cpp.1.o']
[2/2] Linking [33mbuild/.conf_check_78f27eb1cb7d718aa77ac6221c1170cb/testbuild/testprog[0m

['/usr/bin/clang++', 'test.cpp.1.o', '-o/Users/william/Documents/Masters/ns-allinone-3.35/ns-3.35/build/.conf_check_78f27eb1cb7d718aa77ac6221c1170cb/testbuild/testprog']
yes
--------------------------------------------------------------------------
Checking for header inttypes.h
==>
#include <inttypes.h>

int main(int argc, char **argv) {
	(void)argc; (void)argv;
	return 0;
}

<==
[1/2] Compiling [32mbuild/.conf_check_fc28ad0b265dbc0ea499b0019a3e29a9/test.cpp[0m

['/usr/bin/clang++', '-O0', '-ggdb', '-g3', '-Wall', '-Werror', '-Wno-unused-local-typedefs', '-Wno-potentially-evaluated-expression', '-std=c++17', '-DNS3_BUILD_PROFILE_DEBUG', '-DNS3_ASSERT_ENABLE', '-DNS3_LOG_ENABLE', '-DHAVE___UINT128_T=1', '-DINT64X64_USE_128=1', '-DHAVE_STDINT_H=1', '../test.cpp', '-c', '-o/Users/william/Documents/Masters/ns-allinone-3.35/ns-3.35/build/.conf_check_fc28ad0b265dbc0ea499b0019a3e29a9/testbuild/test.cpp.1.o']
[2/2] Linking [33mbuild/.conf_check_fc28ad0b265dbc0ea499b0019a3e29a9/testbuild/testprog[0m

['/usr/bin/clang++', 'test.cpp.1.o', '-o/Users/william/Documents/Masters/ns-allinone-3.35/ns-3.35/build/.conf_check_fc28ad0b265dbc0ea499b0019a3e29a9/testbuild/testprog']
yes
--------------------------------------------------------------------------
Checking for header sys/inttypes.h
==>
#include <sys/inttypes.h>

int main(int argc, char **argv) {
	(void)argc; (void)argv;
	return 0;
}

<==
[1/2] Compiling [32mbuild/.conf_check_be8f82a542d6af9f438e0ae24dca5ce1/test.cpp[0m

['/usr/bin/clang++', '-O0', '-ggdb', '-g3', '-Wall', '-Werror', '-Wno-unused-local-typedefs', '-Wno-potentially-evaluated-expression', '-std=c++17', '-DNS3_BUILD_PROFILE_DEBUG', '-DNS3_ASSERT_ENABLE', '-DNS3_LOG_ENABLE', '-DHAVE___UINT128_T=1', '-DINT64X64_USE_128=1', '-DHAVE_STDINT_H=1', '-DHAVE_INTTYPES_H=1', '../test.cpp', '-c', '-o/Users/william/Documents/Masters/ns-allinone-3.35/ns-3.35/build/.conf_check_be8f82a542d6af9f438e0ae24dca5ce1/testbuild/test.cpp.1.o']
err: ../test.cpp:1:10: fatal error: 'sys/inttypes.h' file not found
#include <sys/inttypes.h>
         ^~~~~~~~~~~~~~~~
1 error generated.

from /Users/william/Documents/Masters/ns-allinone-3.35/ns-3.35/src/core: Test does not build: Traceback (most recent call last):
  File "/Users/william/Documents/Masters/ns-allinone-3.35/ns-3.35/.waf3-2.0.21-c6c9a875365426e5928462b9b74d40b5/waflib/Configure.py", line 335, in run_build
    bld.compile()
  File "/Users/william/Documents/Masters/ns-allinone-3.35/ns-3.35/.waf3-2.0.21-c6c9a875365426e5928462b9b74d40b5/waflib/Build.py", line 176, in compile
    raise Errors.BuildError(self.producer.error)
waflib.Errors.BuildError: Build failed
 -> task in 'testprog' failed with exit status 1 (run with -v to display more information)

not found
from /Users/william/Documents/Masters/ns-allinone-3.35/ns-3.35/src/core: The configuration failed
--------------------------------------------------------------------------
Checking for header sys/types.h
==>
#include <sys/types.h>

int main(int argc, char **argv) {
	(void)argc; (void)argv;
	return 0;
}

<==
[1/2] Compiling [32mbuild/.conf_check_8921d893cae40686018a1a0f274b919a/test.cpp[0m

['/usr/bin/clang++', '-O0', '-ggdb', '-g3', '-Wall', '-Werror', '-Wno-unused-local-typedefs', '-Wno-potentially-evaluated-expression', '-std=c++17', '-DNS3_BUILD_PROFILE_DEBUG', '-DNS3_ASSERT_ENABLE', '-DNS3_LOG_ENABLE', '-DHAVE___UINT128_T=1', '-DINT64X64_USE_128=1', '-DHAVE_STDINT_H=1', '-DHAVE_INTTYPES_H=1', '../test.cpp', '-c', '-o/Users/william/Documents/Masters/ns-allinone-3.35/ns-3.35/build/.conf_check_8921d893cae40686018a1a0f274b919a/testbuild/test.cpp.1.o']
[2/2] Linking [33mbuild/.conf_check_8921d893cae40686018a1a0f274b919a/testbuild/testprog[0m

['/usr/bin/clang++', 'test.cpp.1.o', '-o/Users/william/Documents/Masters/ns-allinone-3.35/ns-3.35/build/.conf_check_8921d893cae40686018a1a0f274b919a/testbuild/testprog']
yes
--------------------------------------------------------------------------
Checking for header sys/stat.h
==>
#include <sys/stat.h>

int main(int argc, char **argv) {
	(void)argc; (void)argv;
	return 0;
}

<==
[1/2] Compiling [32mbuild/.conf_check_35c3b87a09b47b232105a7d7cd0283a2/test.cpp[0m

['/usr/bin/clang++', '-O0', '-ggdb', '-g3', '-Wall', '-Werror', '-Wno-unused-local-typedefs', '-Wno-potentially-evaluated-expression', '-std=c++17', '-DNS3_BUILD_PROFILE_DEBUG', '-DNS3_ASSERT_ENABLE', '-DNS3_LOG_ENABLE', '-DHAVE___UINT128_T=1', '-DINT64X64_USE_128=1', '-DHAVE_STDINT_H=1', '-DHAVE_INTTYPES_H=1', '-DHAVE_SYS_TYPES_H=1', '../test.cpp', '-c', '-o/Users/william/Documents/Masters/ns-allinone-3.35/ns-3.35/build/.conf_check_35c3b87a09b47b232105a7d7cd0283a2/testbuild/test.cpp.1.o']
[2/2] Linking [33mbuild/.conf_check_35c3b87a09b47b232105a7d7cd0283a2/testbuild/testprog[0m

['/usr/bin/clang++', 'test.cpp.1.o', '-o/Users/william/Documents/Masters/ns-allinone-3.35/ns-3.35/build/.conf_check_35c3b87a09b47b232105a7d7cd0283a2/testbuild/testprog']
yes
--------------------------------------------------------------------------
Checking for header dirent.h
==>
#include <dirent.h>

int main(int argc, char **argv) {
	(void)argc; (void)argv;
	return 0;
}

<==
[1/2] Compiling [32mbuild/.conf_check_42a2d945c05247460c5b0f87cb6870b7/test.cpp[0m

['/usr/bin/clang++', '-O0', '-ggdb', '-g3', '-Wall', '-Werror', '-Wno-unused-local-typedefs', '-Wno-potentially-evaluated-expression', '-std=c++17', '-DNS3_BUILD_PROFILE_DEBUG', '-DNS3_ASSERT_ENABLE', '-DNS3_LOG_ENABLE', '-DHAVE___UINT128_T=1', '-DINT64X64_USE_128=1', '-DHAVE_STDINT_H=1', '-DHAVE_INTTYPES_H=1', '-DHAVE_SYS_TYPES_H=1', '-DHAVE_SYS_STAT_H=1', '../test.cpp', '-c', '-o/Users/william/Documents/Masters/ns-allinone-3.35/ns-3.35/build/.conf_check_42a2d945c05247460c5b0f87cb6870b7/testbuild/test.cpp.1.o']
[2/2] Linking [33mbuild/.conf_check_42a2d945c05247460c5b0f87cb6870b7/testbuild/testprog[0m

['/usr/bin/clang++', 'test.cpp.1.o', '-o/Users/william/Documents/Masters/ns-allinone-3.35/ns-3.35/build/.conf_check_42a2d945c05247460c5b0f87cb6870b7/testbuild/testprog']
yes
--------------------------------------------------------------------------
Checking for header signal.h
==>
#include <signal.h>

int main(int argc, char **argv) {
	(void)argc; (void)argv;
	return 0;
}

<==
[1/2] Compiling [32mbuild/.conf_check_4ecf044f3ad7de926ece45637d37a7c2/test.cpp[0m

['/usr/bin/clang++', '-O0', '-ggdb', '-g3', '-Wall', '-Werror', '-Wno-unused-local-typedefs', '-Wno-potentially-evaluated-expression', '-std=c++17', '-DNS3_BUILD_PROFILE_DEBUG', '-DNS3_ASSERT_ENABLE', '-DNS3_LOG_ENABLE', '-DHAVE___UINT128_T=1', '-DINT64X64_USE_128=1', '-DHAVE_STDINT_H=1', '-DHAVE_INTTYPES_H=1', '-DHAVE_SYS_TYPES_H=1', '-DHAVE_SYS_STAT_H=1', '-DHAVE_DIRENT_H=1', '../test.cpp', '-c', '-o/Users/william/Documents/Masters/ns-allinone-3.35/ns-3.35/build/.conf_check_4ecf044f3ad7de926ece45637d37a7c2/testbuild/test.cpp.1.o']
[2/2] Linking [33mbuild/.conf_check_4ecf044f3ad7de926ece45637d37a7c2/testbuild/testprog[0m

['/usr/bin/clang++', 'test.cpp.1.o', '-o/Users/william/Documents/Masters/ns-allinone-3.35/ns-3.35/build/.conf_check_4ecf044f3ad7de926ece45637d37a7c2/testbuild/testprog']
yes
--------------------------------------------------------------------------
Checking for header pthread.h
==>

#include <pthread.h>
int main ()
{
   pthread_mutex_t m;
   pthread_mutex_init (&m, NULL);
   return 0;
}

<==
[1/2] Compiling [32mbuild/.conf_check_540e61053391cd4cb697e5746d5ea1e2/test.cpp[0m

['/usr/bin/clang++', '-O0', '-ggdb', '-g3', '-Wall', '-Werror', '-Wno-unused-local-typedefs', '-Wno-potentially-evaluated-expression', '-std=c++17', '-DNS3_BUILD_PROFILE_DEBUG', '-DNS3_ASSERT_ENABLE', '-DNS3_LOG_ENABLE', '-DHAVE___UINT128_T=1', '-DINT64X64_USE_128=1', '-DHAVE_STDINT_H=1', '-DHAVE_INTTYPES_H=1', '-DHAVE_SYS_TYPES_H=1', '-DHAVE_SYS_STAT_H=1', '-DHAVE_DIRENT_H=1', '-DHAVE_SIGNAL_H=1', '../test.cpp', '-c', '-o/Users/william/Documents/Masters/ns-allinone-3.35/ns-3.35/build/.conf_check_540e61053391cd4cb697e5746d5ea1e2/testbuild/test.cpp.1.o']
[2/2] Linking [33mbuild/.conf_check_540e61053391cd4cb697e5746d5ea1e2/testbuild/testprog[0m

['/usr/bin/clang++', 'test.cpp.1.o', '-o/Users/william/Documents/Masters/ns-allinone-3.35/ns-3.35/build/.conf_check_540e61053391cd4cb697e5746d5ea1e2/testbuild/testprog']
yes
--------------------------------------------------------------------------
Checking for header stdint.h
==>
#include <stdint.h>

int main(int argc, char **argv) {
	(void)argc; (void)argv;
	return 0;
}

<==
[1/2] Compiling [32mbuild/.conf_check_78f27eb1cb7d718aa77ac6221c1170cb/test.cpp[0m

['/usr/bin/clang++', '-O0', '-ggdb', '-g3', '-Wall', '-Werror', '-Wno-unused-local-typedefs', '-Wno-potentially-evaluated-expression', '-std=c++17', '-DNS3_BUILD_PROFILE_DEBUG', '-DNS3_ASSERT_ENABLE', '-DNS3_LOG_ENABLE', '-DHAVE___UINT128_T=1', '-DINT64X64_USE_128=1', '-DHAVE_INTTYPES_H=1', '-DHAVE_SYS_TYPES_H=1', '-DHAVE_SYS_STAT_H=1', '-DHAVE_DIRENT_H=1', '-DHAVE_SIGNAL_H=1', '-DHAVE_PTHREAD_H=1', '../test.cpp', '-c', '-o/Users/william/Documents/Masters/ns-allinone-3.35/ns-3.35/build/.conf_check_78f27eb1cb7d718aa77ac6221c1170cb/testbuild/test.cpp.1.o']
[2/2] Linking [33mbuild/.conf_check_78f27eb1cb7d718aa77ac6221c1170cb/testbuild/testprog[0m

['/usr/bin/clang++', 'test.cpp.1.o', '-o/Users/william/Documents/Masters/ns-allinone-3.35/ns-3.35/build/.conf_check_78f27eb1cb7d718aa77ac6221c1170cb/testbuild/testprog']
yes
--------------------------------------------------------------------------
Checking for header inttypes.h
==>
#include <inttypes.h>

int main(int argc, char **argv) {
	(void)argc; (void)argv;
	return 0;
}

<==
[1/2] Compiling [32mbuild/.conf_check_fc28ad0b265dbc0ea499b0019a3e29a9/test.cpp[0m

['/usr/bin/clang++', '-O0', '-ggdb', '-g3', '-Wall', '-Werror', '-Wno-unused-local-typedefs', '-Wno-potentially-evaluated-expression', '-std=c++17', '-DNS3_BUILD_PROFILE_DEBUG', '-DNS3_ASSERT_ENABLE', '-DNS3_LOG_ENABLE', '-DHAVE___UINT128_T=1', '-DINT64X64_USE_128=1', '-DHAVE_SYS_TYPES_H=1', '-DHAVE_SYS_STAT_H=1', '-DHAVE_DIRENT_H=1', '-DHAVE_SIGNAL_H=1', '-DHAVE_PTHREAD_H=1', '-DHAVE_STDINT_H=1', '../test.cpp', '-c', '-o/Users/william/Documents/Masters/ns-allinone-3.35/ns-3.35/build/.conf_check_fc28ad0b265dbc0ea499b0019a3e29a9/testbuild/test.cpp.1.o']
[2/2] Linking [33mbuild/.conf_check_fc28ad0b265dbc0ea499b0019a3e29a9/testbuild/testprog[0m

['/usr/bin/clang++', 'test.cpp.1.o', '-o/Users/william/Documents/Masters/ns-allinone-3.35/ns-3.35/build/.conf_check_fc28ad0b265dbc0ea499b0019a3e29a9/testbuild/testprog']
yes
--------------------------------------------------------------------------
Checking for header sys/inttypes.h
==>
#include <sys/inttypes.h>

int main(int argc, char **argv) {
	(void)argc; (void)argv;
	return 0;
}

<==
[1/2] Compiling [32mbuild/.conf_check_be8f82a542d6af9f438e0ae24dca5ce1/test.cpp[0m

['/usr/bin/clang++', '-O0', '-ggdb', '-g3', '-Wall', '-Werror', '-Wno-unused-local-typedefs', '-Wno-potentially-evaluated-expression', '-std=c++17', '-DNS3_BUILD_PROFILE_DEBUG', '-DNS3_ASSERT_ENABLE', '-DNS3_LOG_ENABLE', '-DHAVE___UINT128_T=1', '-DINT64X64_USE_128=1', '-DHAVE_SYS_TYPES_H=1', '-DHAVE_SYS_STAT_H=1', '-DHAVE_DIRENT_H=1', '-DHAVE_SIGNAL_H=1', '-DHAVE_PTHREAD_H=1', '-DHAVE_STDINT_H=1', '-DHAVE_INTTYPES_H=1', '../test.cpp', '-c', '-o/Users/william/Documents/Masters/ns-allinone-3.35/ns-3.35/build/.conf_check_be8f82a542d6af9f438e0ae24dca5ce1/testbuild/test.cpp.1.o']
err: ../test.cpp:1:10: fatal error: 'sys/inttypes.h' file not found
#include <sys/inttypes.h>
         ^~~~~~~~~~~~~~~~
1 error generated.

from /Users/william/Documents/Masters/ns-allinone-3.35/ns-3.35/src/core: Test does not build: Traceback (most recent call last):
  File "/Users/william/Documents/Masters/ns-allinone-3.35/ns-3.35/.waf3-2.0.21-c6c9a875365426e5928462b9b74d40b5/waflib/Configure.py", line 335, in run_build
    bld.compile()
  File "/Users/william/Documents/Masters/ns-allinone-3.35/ns-3.35/.waf3-2.0.21-c6c9a875365426e5928462b9b74d40b5/waflib/Build.py", line 176, in compile
    raise Errors.BuildError(self.producer.error)
waflib.Errors.BuildError: Build failed
 -> task in 'testprog' failed with exit status 1 (run with -v to display more information)

not found
from /Users/william/Documents/Masters/ns-allinone-3.35/ns-3.35/src/core: The configuration failed
--------------------------------------------------------------------------
Checking for library rt
==>

int main(int argc, char **argv) {
	(void)argc; (void)argv;
	return 0;
}

<==
[1/2] Compiling [32mbuild/.conf_check_2b334598ad55df9c966dac32c87d3c5d/test.cpp[0m

['/usr/bin/clang++', '-O0', '-ggdb', '-g3', '-Wall', '-Werror', '-Wno-unused-local-typedefs', '-Wno-potentially-evaluated-expression', '-std=c++17', '-DNS3_BUILD_PROFILE_DEBUG', '-DNS3_ASSERT_ENABLE', '-DNS3_LOG_ENABLE', '-DHAVE___UINT128_T=1', '-DINT64X64_USE_128=1', '-DHAVE_SYS_TYPES_H=1', '-DHAVE_SYS_STAT_H=1', '-DHAVE_DIRENT_H=1', '-DHAVE_SIGNAL_H=1', '-DHAVE_PTHREAD_H=1', '-DHAVE_STDINT_H=1', '-DHAVE_INTTYPES_H=1', '../test.cpp', '-c', '-o/Users/william/Documents/Masters/ns-allinone-3.35/ns-3.35/build/.conf_check_2b334598ad55df9c966dac32c87d3c5d/testbuild/test.cpp.1.o']
[2/2] Linking [33mbuild/.conf_check_2b334598ad55df9c966dac32c87d3c5d/testbuild/testprog[0m

['/usr/bin/clang++', 'test.cpp.1.o', '-o/Users/william/Documents/Masters/ns-allinone-3.35/ns-3.35/build/.conf_check_2b334598ad55df9c966dac32c87d3c5d/testbuild/testprog', '-lrt']
err: ld: library not found for -lrt
clang: error: linker command failed with exit code 1 (use -v to see invocation)

from /Users/william/Documents/Masters/ns-allinone-3.35/ns-3.35/src/core: Test does not build: Traceback (most recent call last):
  File "/Users/william/Documents/Masters/ns-allinone-3.35/ns-3.35/.waf3-2.0.21-c6c9a875365426e5928462b9b74d40b5/waflib/Configure.py", line 335, in run_build
    bld.compile()
  File "/Users/william/Documents/Masters/ns-allinone-3.35/ns-3.35/.waf3-2.0.21-c6c9a875365426e5928462b9b74d40b5/waflib/Build.py", line 176, in compile
    raise Errors.BuildError(self.producer.error)
waflib.Errors.BuildError: Build failed
 -> task in 'testprog' failed with exit status 1 (run with -v to display more information)

not found
from /Users/william/Documents/Masters/ns-allinone-3.35/ns-3.35/src/core: The configuration failed
--------------------------------------------------------------------------
Checking for header sys/ioctl.h
==>
#include <sys/ioctl.h>

int main(int argc, char **argv) {
	(void)argc; (void)argv;
	return 0;
}

<==
[1/2] Compiling [32mbuild/.conf_check_72d93051ebaa6b5f9d463e7096461b0c/test.cpp[0m

['/usr/bin/clang++', '-O0', '-ggdb', '-g3', '-Wall', '-Werror', '-Wno-unused-local-typedefs', '-Wno-potentially-evaluated-expression', '-std=c++17', '-DNS3_BUILD_PROFILE_DEBUG', '-DNS3_ASSERT_ENABLE', '-DNS3_LOG_ENABLE', '../test.cpp', '-c', '-o/Users/william/Documents/Masters/ns-allinone-3.35/ns-3.35/build/.conf_check_72d93051ebaa6b5f9d463e7096461b0c/testbuild/test.cpp.1.o']
[2/2] Linking [33mbuild/.conf_check_72d93051ebaa6b5f9d463e7096461b0c/testbuild/testprog[0m

['/usr/bin/clang++', 'test.cpp.1.o', '-o/Users/william/Documents/Masters/ns-allinone-3.35/ns-3.35/build/.conf_check_72d93051ebaa6b5f9d463e7096461b0c/testbuild/testprog']
yes
--------------------------------------------------------------------------
Checking for header net/if.h
==>
#include <net/if.h>

int main(int argc, char **argv) {
	(void)argc; (void)argv;
	return 0;
}

<==
[1/2] Compiling [32mbuild/.conf_check_10ae9c9b4244c33b19dacb103f33468c/test.cpp[0m

['/usr/bin/clang++', '-O0', '-ggdb', '-g3', '-Wall', '-Werror', '-Wno-unused-local-typedefs', '-Wno-potentially-evaluated-expression', '-std=c++17', '-DNS3_BUILD_PROFILE_DEBUG', '-DNS3_ASSERT_ENABLE', '-DNS3_LOG_ENABLE', '-DHAVE_SYS_IOCTL_H=1', '../test.cpp', '-c', '-o/Users/william/Documents/Masters/ns-allinone-3.35/ns-3.35/build/.conf_check_10ae9c9b4244c33b19dacb103f33468c/testbuild/test.cpp.1.o']
[2/2] Linking [33mbuild/.conf_check_10ae9c9b4244c33b19dacb103f33468c/testbuild/testprog[0m

['/usr/bin/clang++', 'test.cpp.1.o', '-o/Users/william/Documents/Masters/ns-allinone-3.35/ns-3.35/build/.conf_check_10ae9c9b4244c33b19dacb103f33468c/testbuild/testprog']
yes
--------------------------------------------------------------------------
Checking for header net/ethernet.h
==>
#include <net/ethernet.h>

int main(int argc, char **argv) {
	(void)argc; (void)argv;
	return 0;
}

<==
[1/2] Compiling [32mbuild/.conf_check_02eff9a880d4ef695f1f39407f17941c/test.cpp[0m

['/usr/bin/clang++', '-O0', '-ggdb', '-g3', '-Wall', '-Werror', '-Wno-unused-local-typedefs', '-Wno-potentially-evaluated-expression', '-std=c++17', '-DNS3_BUILD_PROFILE_DEBUG', '-DNS3_ASSERT_ENABLE', '-DNS3_LOG_ENABLE', '-DHAVE_SYS_IOCTL_H=1', '-DHAVE_IF_NETS_H=1', '../test.cpp', '-c', '-o/Users/william/Documents/Masters/ns-allinone-3.35/ns-3.35/build/.conf_check_02eff9a880d4ef695f1f39407f17941c/testbuild/test.cpp.1.o']
[2/2] Linking [33mbuild/.conf_check_02eff9a880d4ef695f1f39407f17941c/testbuild/testprog[0m

['/usr/bin/clang++', 'test.cpp.1.o', '-o/Users/william/Documents/Masters/ns-allinone-3.35/ns-3.35/build/.conf_check_02eff9a880d4ef695f1f39407f17941c/testbuild/testprog']
yes
--------------------------------------------------------------------------
Checking for 'libdpdk'
['/opt/homebrew/bin/pkg-config', '--cflags', '--libs', 'libdpdk']
err: Package libdpdk was not found in the pkg-config search path.
Perhaps you should add the directory containing `libdpdk.pc'
to the PKG_CONFIG_PATH environment variable
No package 'libdpdk' found

not found
from /Users/william/Documents/Masters/ns-allinone-3.35/ns-3.35/src/fd-net-device: The configuration failed
--------------------------------------------------------------------------
Checking for header linux/if_tun.h
==>
#include <linux/if_tun.h>

int main(int argc, char **argv) {
	(void)argc; (void)argv;
	return 0;
}

<==
[1/2] Compiling [32mbuild/.conf_check_84bde5bf7ffe777dad5df813b93837c2/test.cpp[0m

['/usr/bin/clang++', '-O0', '-ggdb', '-g3', '-Wall', '-Werror', '-Wno-unused-local-typedefs', '-Wno-potentially-evaluated-expression', '-std=c++17', '-DNS3_BUILD_PROFILE_DEBUG', '-DNS3_ASSERT_ENABLE', '-DNS3_LOG_ENABLE', '-DHAVE_SYS_IOCTL_H=1', '-DHAVE_IF_NETS_H=1', '-DHAVE_NET_ETHERNET_H=1', '../test.cpp', '-c', '-o/Users/william/Documents/Masters/ns-allinone-3.35/ns-3.35/build/.conf_check_84bde5bf7ffe777dad5df813b93837c2/testbuild/test.cpp.1.o']
err: ../test.cpp:1:10: fatal error: 'linux/if_tun.h' file not found
#include <linux/if_tun.h>
         ^~~~~~~~~~~~~~~~
1 error generated.

from /Users/william/Documents/Masters/ns-allinone-3.35/ns-3.35/src/fd-net-device: Test does not build: Traceback (most recent call last):
  File "/Users/william/Documents/Masters/ns-allinone-3.35/ns-3.35/.waf3-2.0.21-c6c9a875365426e5928462b9b74d40b5/waflib/Configure.py", line 335, in run_build
    bld.compile()
  File "/Users/william/Documents/Masters/ns-allinone-3.35/ns-3.35/.waf3-2.0.21-c6c9a875365426e5928462b9b74d40b5/waflib/Build.py", line 176, in compile
    raise Errors.BuildError(self.producer.error)
waflib.Errors.BuildError: Build failed
 -> task in 'testprog' failed with exit status 1 (run with -v to display more information)

not found
from /Users/william/Documents/Masters/ns-allinone-3.35/ns-3.35/src/fd-net-device: The configuration failed
--------------------------------------------------------------------------
Checking for header netpacket/packet.h
==>
#include <netpacket/packet.h>

int main(int argc, char **argv) {
	(void)argc; (void)argv;
	return 0;
}

<==
[1/2] Compiling [32mbuild/.conf_check_b65f599c2de3a80c907eb8b7100968be/test.cpp[0m

['/usr/bin/clang++', '-O0', '-ggdb', '-g3', '-Wall', '-Werror', '-Wno-unused-local-typedefs', '-Wno-potentially-evaluated-expression', '-std=c++17', '-DNS3_BUILD_PROFILE_DEBUG', '-DNS3_ASSERT_ENABLE', '-DNS3_LOG_ENABLE', '-DHAVE_SYS_IOCTL_H=1', '-DHAVE_IF_NETS_H=1', '-DHAVE_NET_ETHERNET_H=1', '../test.cpp', '-c', '-o/Users/william/Documents/Masters/ns-allinone-3.35/ns-3.35/build/.conf_check_b65f599c2de3a80c907eb8b7100968be/testbuild/test.cpp.1.o']
err: ../test.cpp:1:10: fatal error: 'netpacket/packet.h' file not found
#include <netpacket/packet.h>
         ^~~~~~~~~~~~~~~~~~~~
1 error generated.

from /Users/william/Documents/Masters/ns-allinone-3.35/ns-3.35/src/fd-net-device: Test does not build: Traceback (most recent call last):
  File "/Users/william/Documents/Masters/ns-allinone-3.35/ns-3.35/.waf3-2.0.21-c6c9a875365426e5928462b9b74d40b5/waflib/Configure.py", line 335, in run_build
    bld.compile()
  File "/Users/william/Documents/Masters/ns-allinone-3.35/ns-3.35/.waf3-2.0.21-c6c9a875365426e5928462b9b74d40b5/waflib/Build.py", line 176, in compile
    raise Errors.BuildError(self.producer.error)
waflib.Errors.BuildError: Build failed
 -> task in 'testprog' failed with exit status 1 (run with -v to display more information)

not found
from /Users/william/Documents/Masters/ns-allinone-3.35/ns-3.35/src/fd-net-device: The configuration failed
--------------------------------------------------------------------------
Checking for header net/netmap_user.h
==>
#include <net/netmap_user.h>

int main(int argc, char **argv) {
	(void)argc; (void)argv;
	return 0;
}

<==
[1/2] Compiling [32mbuild/.conf_check_e9d03684062581acb00eba710bb5272f/test.cpp[0m

['/usr/bin/clang++', '-O0', '-ggdb', '-g3', '-Wall', '-Werror', '-Wno-unused-local-typedefs', '-Wno-potentially-evaluated-expression', '-std=c++17', '-DNS3_BUILD_PROFILE_DEBUG', '-DNS3_ASSERT_ENABLE', '-DNS3_LOG_ENABLE', '-DHAVE_SYS_IOCTL_H=1', '-DHAVE_IF_NETS_H=1', '-DHAVE_NET_ETHERNET_H=1', '../test.cpp', '-c', '-o/Users/william/Documents/Masters/ns-allinone-3.35/ns-3.35/build/.conf_check_e9d03684062581acb00eba710bb5272f/testbuild/test.cpp.1.o']
err: ../test.cpp:1:10: fatal error: 'net/netmap_user.h' file not found
#include <net/netmap_user.h>
         ^~~~~~~~~~~~~~~~~~~
1 error generated.

from /Users/william/Documents/Masters/ns-allinone-3.35/ns-3.35/src/fd-net-device: Test does not build: Traceback (most recent call last):
  File "/Users/william/Documents/Masters/ns-allinone-3.35/ns-3.35/.waf3-2.0.21-c6c9a875365426e5928462b9b74d40b5/waflib/Configure.py", line 335, in run_build
    bld.compile()
  File "/Users/william/Documents/Masters/ns-allinone-3.35/ns-3.35/.waf3-2.0.21-c6c9a875365426e5928462b9b74d40b5/waflib/Build.py", line 176, in compile
    raise Errors.BuildError(self.producer.error)
waflib.Errors.BuildError: Build failed
 -> task in 'testprog' failed with exit status 1 (run with -v to display more information)

not found
from /Users/william/Documents/Masters/ns-allinone-3.35/ns-3.35/src/fd-net-device: The configuration failed
--------------------------------------------------------------------------
Checking for NSC location
not found
--------------------------------------------------------------------------
Checking for OpenFlow location
not found
--------------------------------------------------------------------------
Checking for 'sqlite3'
['/opt/homebrew/bin/pkg-config', '--cflags', '--libs', 'sqlite3']
out: -lsqlite3

yes
--------------------------------------------------------------------------
Checking for header semaphore.h
==>
#include <semaphore.h>

int main(int argc, char **argv) {
	(void)argc; (void)argv;
	return 0;
}

<==
[1/2] Compiling [32mbuild/.conf_check_c37efbb515ef25356eb075829fe2daf9/test.cpp[0m

['/usr/bin/clang++', '-O0', '-ggdb', '-g3', '-Wall', '-Werror', '-Wno-unused-local-typedefs', '-Wno-potentially-evaluated-expression', '-std=c++17', '-DNS3_BUILD_PROFILE_DEBUG', '-DNS3_ASSERT_ENABLE', '-DNS3_LOG_ENABLE', '-DHAVE_SYS_IOCTL_H=1', '-DHAVE_IF_NETS_H=1', '-DHAVE_NET_ETHERNET_H=1', '-DHAVE_SQLITE3=1', '../test.cpp', '-c', '-o/Users/william/Documents/Masters/ns-allinone-3.35/ns-3.35/build/.conf_check_c37efbb515ef25356eb075829fe2daf9/testbuild/test.cpp.1.o']
[2/2] Linking [33mbuild/.conf_check_c37efbb515ef25356eb075829fe2daf9/testbuild/testprog[0m

['/usr/bin/clang++', 'test.cpp.1.o', '-o/Users/william/Documents/Masters/ns-allinone-3.35/ns-3.35/build/.conf_check_c37efbb515ef25356eb075829fe2daf9/testbuild/testprog']
yes
--------------------------------------------------------------------------
Checking for header linux/if_tun.h
==>
#include <linux/if_tun.h>

int main(int argc, char **argv) {
	(void)argc; (void)argv;
	return 0;
}

<==
[1/2] Compiling [32mbuild/.conf_check_84bde5bf7ffe777dad5df813b93837c2/test.cpp[0m

['/usr/bin/clang++', '-O0', '-ggdb', '-g3', '-Wall', '-Werror', '-Wno-unused-local-typedefs', '-Wno-potentially-evaluated-expression', '-std=c++17', '-DNS3_BUILD_PROFILE_DEBUG', '-DNS3_ASSERT_ENABLE', '-DNS3_LOG_ENABLE', '-DHAVE_SYS_IOCTL_H=1', '-DHAVE_IF_NETS_H=1', '-DHAVE_NET_ETHERNET_H=1', '-DHAVE_SQLITE3=1', '-DHAVE_SEMAPHORE_H=1', '../test.cpp', '-c', '-o/Users/william/Documents/Masters/ns-allinone-3.35/ns-3.35/build/.conf_check_84bde5bf7ffe777dad5df813b93837c2/testbuild/test.cpp.1.o']
err: ../test.cpp:1:10: fatal error: 'linux/if_tun.h' file not found
#include <linux/if_tun.h>
         ^~~~~~~~~~~~~~~~
1 error generated.

from /Users/william/Documents/Masters/ns-allinone-3.35/ns-3.35/src/tap-bridge: Test does not build: Traceback (most recent call last):
  File "/Users/william/Documents/Masters/ns-allinone-3.35/ns-3.35/.waf3-2.0.21-c6c9a875365426e5928462b9b74d40b5/waflib/Configure.py", line 335, in run_build
    bld.compile()
  File "/Users/william/Documents/Masters/ns-allinone-3.35/ns-3.35/.waf3-2.0.21-c6c9a875365426e5928462b9b74d40b5/waflib/Build.py", line 176, in compile
    raise Errors.BuildError(self.producer.error)
waflib.Errors.BuildError: Build failed
 -> task in 'testprog' failed with exit status 1 (run with -v to display more information)

not found
from /Users/william/Documents/Masters/ns-allinone-3.35/ns-3.35/src/tap-bridge: The configuration failed
--------------------------------------------------------------------------
Checking for python module 'gi'
['/opt/homebrew/opt/python@3.9/bin/python3.9', '-c', "\nimport gi as current_module\nversion = getattr(current_module, '__version__', None)\nif version is not None:\n\tprint(str(version))\nelse:\n\tprint('unknown version')\n"]
err: Traceback (most recent call last):
  File "<string>", line 2, in <module>
ModuleNotFoundError: No module named 'gi'

not found
from /Users/william/Documents/Masters/ns-allinone-3.35/ns-3.35/src/visualizer: Could not find the python module 'gi'
--------------------------------------------------------------------------
Checking for python module 'gi.repository.GObject'
['/opt/homebrew/opt/python@3.9/bin/python3.9', '-c', "\nimport gi.repository.GObject as current_module\nversion = getattr(current_module, '__version__', None)\nif version is not None:\n\tprint(str(version))\nelse:\n\tprint('unknown version')\n"]
err: Traceback (most recent call last):
  File "<string>", line 2, in <module>
ModuleNotFoundError: No module named 'gi'

not found
from /Users/william/Documents/Masters/ns-allinone-3.35/ns-3.35/src/visualizer: Could not find the python module 'gi.repository.GObject'
--------------------------------------------------------------------------
Checking for python module 'cairo'
['/opt/homebrew/opt/python@3.9/bin/python3.9', '-c', "\nimport cairo as current_module\nversion = getattr(current_module, '__version__', None)\nif version is not None:\n\tprint(str(version))\nelse:\n\tprint('unknown version')\n"]
err: Traceback (most recent call last):
  File "<string>", line 2, in <module>
ModuleNotFoundError: No module named 'cairo'

not found
from /Users/william/Documents/Masters/ns-allinone-3.35/ns-3.35/src/visualizer: Could not find the python module 'cairo'
--------------------------------------------------------------------------
Checking for python module 'pygraphviz'
['/opt/homebrew/opt/python@3.9/bin/python3.9', '-c', "\nimport pygraphviz as current_module\nversion = getattr(current_module, '__version__', None)\nif version is not None:\n\tprint(str(version))\nelse:\n\tprint('unknown version')\n"]
err: Traceback (most recent call last):
  File "<string>", line 2, in <module>
ModuleNotFoundError: No module named 'pygraphviz'

not found
from /Users/william/Documents/Masters/ns-allinone-3.35/ns-3.35/src/visualizer: Could not find the python module 'pygraphviz'
--------------------------------------------------------------------------
Checking for python module 'gi.repository.Gtk'
['/opt/homebrew/opt/python@3.9/bin/python3.9', '-c', "\nimport gi.repository.Gtk as current_module\nversion = getattr(current_module, '__version__', None)\nif version is not None:\n\tprint(str(version))\nelse:\n\tprint('unknown version')\n"]
err: Traceback (most recent call last):
  File "<string>", line 2, in <module>
ModuleNotFoundError: No module named 'gi'

not found
from /Users/william/Documents/Masters/ns-allinone-3.35/ns-3.35/src/visualizer: Could not find the python module 'gi.repository.Gtk'
--------------------------------------------------------------------------
Checking for python module 'gi.repository.Gdk'
['/opt/homebrew/opt/python@3.9/bin/python3.9', '-c', "\nimport gi.repository.Gdk as current_module\nversion = getattr(current_module, '__version__', None)\nif version is not None:\n\tprint(str(version))\nelse:\n\tprint('unknown version')\n"]
err: Traceback (most recent call last):
  File "<string>", line 2, in <module>
ModuleNotFoundError: No module named 'gi'

not found
from /Users/william/Documents/Masters/ns-allinone-3.35/ns-3.35/src/visualizer: Could not find the python module 'gi.repository.Gdk'
--------------------------------------------------------------------------
Checking for python module 'gi.repository.Pango'
['/opt/homebrew/opt/python@3.9/bin/python3.9', '-c', "\nimport gi.repository.Pango as current_module\nversion = getattr(current_module, '__version__', None)\nif version is not None:\n\tprint(str(version))\nelse:\n\tprint('unknown version')\n"]
err: Traceback (most recent call last):
  File "<string>", line 2, in <module>
ModuleNotFoundError: No module named 'gi'

not found
from /Users/william/Documents/Masters/ns-allinone-3.35/ns-3.35/src/visualizer: Could not find the python module 'gi.repository.Pango'
--------------------------------------------------------------------------
Checking for python module 'gi.repository.GooCanvas'
['/opt/homebrew/opt/python@3.9/bin/python3.9', '-c', "\nimport gi.repository.GooCanvas as current_module\nversion = getattr(current_module, '__version__', None)\nif version is not None:\n\tprint(str(version))\nelse:\n\tprint('unknown version')\n"]
err: Traceback (most recent call last):
  File "<string>", line 2, in <module>
ModuleNotFoundError: No module named 'gi'

not found
from /Users/william/Documents/Masters/ns-allinone-3.35/ns-3.35/src/visualizer: Could not find the python module 'gi.repository.GooCanvas'
--------------------------------------------------------------------------
Checking for program 'sudo'
/usr/bin/sudo
find program=['sudo'] paths=['/opt/homebrew/opt/qt@5/bin', '/opt/homebrew/opt/qt@5/bin', '/opt/homebrew/bin', '/usr/local/opt/qt@5/bin', '/usr/local/opt/qt@5/bin', '/Users/william/opt/miniconda3/bin', '/Users/william/opt/miniconda3/condabin', '/opt/homebrew/bin', '/opt/homebrew/sbin', '/usr/local/bin', '/usr/bin', '/bin', '/usr/sbin', '/sbin', '/Applications/VMware Fusion Tech Preview.app/Contents/Public', '/Library/TeX/texbin', '/opt/X11/bin', '/Library/Apple/usr/bin'] var='SUDO' -> ['/usr/bin/sudo']
--------------------------------------------------------------------------
Checking for program 'valgrind'
not found
find program=['valgrind'] paths=['/opt/homebrew/opt/qt@5/bin', '/opt/homebrew/opt/qt@5/bin', '/opt/homebrew/bin', '/usr/local/opt/qt@5/bin', '/usr/local/opt/qt@5/bin', '/Users/william/opt/miniconda3/bin', '/Users/william/opt/miniconda3/condabin', '/opt/homebrew/bin', '/opt/homebrew/sbin', '/usr/local/bin', '/usr/bin', '/bin', '/usr/sbin', '/sbin', '/Applications/VMware Fusion Tech Preview.app/Contents/Public', '/Library/TeX/texbin', '/opt/X11/bin', '/Library/Apple/usr/bin'] var='VALGRIND' -> None
from /Users/william/Documents/Masters/ns-allinone-3.35/ns-3.35: Could not find the program ['valgrind']
--------------------------------------------------------------------------
Checking for 'gsl'
['/opt/homebrew/bin/pkg-config', '--cflags', '--libs', 'gsl']
err: Package gsl was not found in the pkg-config search path.
Perhaps you should add the directory containing `gsl.pc'
to the PKG_CONFIG_PATH environment variable
No package 'gsl' found

not found
from /Users/william/Documents/Masters/ns-allinone-3.35/ns-3.35: The configuration failed
--------------------------------------------------------------------------
libgcrypt-config
not found
find program=['libgcrypt-config'] paths=['/opt/homebrew/opt/qt@5/bin', '/opt/homebrew/opt/qt@5/bin', '/opt/homebrew/bin', '/usr/local/opt/qt@5/bin', '/usr/local/opt/qt@5/bin', '/Users/william/opt/miniconda3/bin', '/Users/william/opt/miniconda3/condabin', '/opt/homebrew/bin', '/opt/homebrew/sbin', '/usr/local/bin', '/usr/bin', '/bin', '/usr/sbin', '/sbin', '/Applications/VMware Fusion Tech Preview.app/Contents/Public', '/Library/TeX/texbin', '/opt/X11/bin', '/Library/Apple/usr/bin'] var='LIBGCRYPT_CONFIG' -> None
from /Users/william/Documents/Masters/ns-allinone-3.35/ns-3.35: Could not find the program ['libgcrypt-config']
--------------------------------------------------------------------------
Checking for program 'doxygen'
not found
find program=['doxygen'] paths=['/opt/homebrew/opt/qt@5/bin', '/opt/homebrew/opt/qt@5/bin', '/opt/homebrew/bin', '/usr/local/opt/qt@5/bin', '/usr/local/opt/qt@5/bin', '/Users/william/opt/miniconda3/bin', '/Users/william/opt/miniconda3/condabin', '/opt/homebrew/bin', '/opt/homebrew/sbin', '/usr/local/bin', '/usr/bin', '/bin', '/usr/sbin', '/sbin', '/Applications/VMware Fusion Tech Preview.app/Contents/Public', '/Library/TeX/texbin', '/opt/X11/bin', '/Library/Apple/usr/bin'] var='DOXYGEN' -> None
from /Users/william/Documents/Masters/ns-allinone-3.35/ns-3.35: Could not find the program ['doxygen']
